The system is: Linux - 3.10.0-862.el7.ppc64le - ppc64le
Compiling the CXX compiler identification source file "CMakeCXXCompilerId.cpp" succeeded.
Compiler: /home/projects/ppc64le-pwr8-nvidia/openmpi/3.1.0/gcc/7.2.0/cuda/9.2.88/bin/mpicxx 
Build flags: -O3;-g
Id flags:  

The output was:
0


Compilation of the CXX compiler identification source "CMakeCXXCompilerId.cpp" produced "a.out"

The CXX compiler identification is GNU, found in "/ascldap/users/snikolo/move/DEMSI_newLAMMPS/LAMMPS/src/LAMMPS-build/CMakeFiles/3.12.3/CompilerIdCXX/a.out"

Determining if the CXX compiler works passed with the following output:
Change Dir: /ascldap/users/snikolo/move/DEMSI_newLAMMPS/LAMMPS/src/LAMMPS-build/CMakeFiles/CMakeTmp

Run Build Command:"/usr/bin/gmake" "cmTC_fefd1/fast"
gmake[3]: Entering directory `/home/snikolo/move/DEMSI_newLAMMPS/LAMMPS/src/LAMMPS-build/CMakeFiles/CMakeTmp'
/usr/bin/gmake -f CMakeFiles/cmTC_fefd1.dir/build.make CMakeFiles/cmTC_fefd1.dir/build
gmake[4]: Entering directory `/home/snikolo/move/DEMSI_newLAMMPS/LAMMPS/src/LAMMPS-build/CMakeFiles/CMakeTmp'
Building CXX object CMakeFiles/cmTC_fefd1.dir/testCXXCompiler.cxx.o
/home/projects/ppc64le-pwr8-nvidia/openmpi/3.1.0/gcc/7.2.0/cuda/9.2.88/bin/mpicxx    -O3 -g    -o CMakeFiles/cmTC_fefd1.dir/testCXXCompiler.cxx.o -c /ascldap/users/snikolo/move/DEMSI_newLAMMPS/LAMMPS/src/LAMMPS-build/CMakeFiles/CMakeTmp/testCXXCompiler.cxx
Linking CXX executable cmTC_fefd1
/ascldap/users/projects/ppc64le/cmake/3.12.3/bin/cmake -E cmake_link_script CMakeFiles/cmTC_fefd1.dir/link.txt --verbose=1
/home/projects/ppc64le-pwr8-nvidia/openmpi/3.1.0/gcc/7.2.0/cuda/9.2.88/bin/mpicxx  -O3 -g     CMakeFiles/cmTC_fefd1.dir/testCXXCompiler.cxx.o  -o cmTC_fefd1 
gmake[4]: Leaving directory `/home/snikolo/move/DEMSI_newLAMMPS/LAMMPS/src/LAMMPS-build/CMakeFiles/CMakeTmp'
gmake[3]: Leaving directory `/home/snikolo/move/DEMSI_newLAMMPS/LAMMPS/src/LAMMPS-build/CMakeFiles/CMakeTmp'


Detecting CXX compiler ABI info compiled with the following output:
Change Dir: /ascldap/users/snikolo/move/DEMSI_newLAMMPS/LAMMPS/src/LAMMPS-build/CMakeFiles/CMakeTmp

Run Build Command:"/usr/bin/gmake" "cmTC_87512/fast"
gmake[3]: Entering directory `/home/snikolo/move/DEMSI_newLAMMPS/LAMMPS/src/LAMMPS-build/CMakeFiles/CMakeTmp'
/usr/bin/gmake -f CMakeFiles/cmTC_87512.dir/build.make CMakeFiles/cmTC_87512.dir/build
gmake[4]: Entering directory `/home/snikolo/move/DEMSI_newLAMMPS/LAMMPS/src/LAMMPS-build/CMakeFiles/CMakeTmp'
Building CXX object CMakeFiles/cmTC_87512.dir/CMakeCXXCompilerABI.cpp.o
/home/projects/ppc64le-pwr8-nvidia/openmpi/3.1.0/gcc/7.2.0/cuda/9.2.88/bin/mpicxx    -O3 -g    -o CMakeFiles/cmTC_87512.dir/CMakeCXXCompilerABI.cpp.o -c /ascldap/users/projects/ppc64le/cmake/3.12.3/share/cmake-3.12/Modules/CMakeCXXCompilerABI.cpp
Linking CXX executable cmTC_87512
/ascldap/users/projects/ppc64le/cmake/3.12.3/bin/cmake -E cmake_link_script CMakeFiles/cmTC_87512.dir/link.txt --verbose=1
/home/projects/ppc64le-pwr8-nvidia/openmpi/3.1.0/gcc/7.2.0/cuda/9.2.88/bin/mpicxx  -O3 -g    -v CMakeFiles/cmTC_87512.dir/CMakeCXXCompilerABI.cpp.o  -o cmTC_87512 
Using built-in specs.
COLLECT_GCC=/home/projects/ppc64le/gcc/7.2.0/bin/g++
COLLECT_LTO_WRAPPER=/home/projects/ppc64le/gcc/7.2.0/libexec/gcc/powerpc64le-unknown-linux-gnu/7.2.0/lto-wrapper
Target: powerpc64le-unknown-linux-gnu
Configured with: ./configure --prefix=/home/projects/ppc64le/gcc/7.2.0 --with-gmp=/home/projects/ppc64le/gmp/6.1.2 --with-mpfr=/home/projects/ppc64le/mpfr/3.1.5 --with-mpc=/home/projects/ppc64le/mpc/1.0.3 --with-isl=/home/projects/ppc64le/isl/0.17.1 --enable-lto --enable-gold --enable-ld --disable-multilib
Thread model: posix
gcc version 7.2.0 (GCC) 
COMPILER_PATH=/home/projects/ppc64le/gcc/7.2.0/libexec/gcc/powerpc64le-unknown-linux-gnu/7.2.0/:/home/projects/ppc64le/binutils/2.30.0/lib/../powerpc64le-unknown-linux-gnu/bin/
LIBRARY_PATH=/home/projects/ppc64le-pwr8-nvidia/cuda/9.2.88/extras/CUPTI/lib64/../lib64/:/home/projects/ppc64le/gcc/7.2.0/lib64/../lib64/:/home/projects/ppc64le/gcc/7.2.0/lib/../lib64/:/home/projects/ppc64le/gcc/7.2.0/lib/gcc/powerpc64le-unknown-linux-gnu/7.2.0/../../../../lib64/:/lib/../lib64/:/usr/lib/../lib64/:/home/projects/ppc64le-pwr8/openblas/0.3.1/gcc/7.2.0/lib/:/home/projects/ppc64le/git/2.10.1/lib/:/home/projects/ppc64le/python/2.7.12/lib/:/home/projects/ppc64le-pwr8-nvidia/netcdf/4.6.1/openmpi/3.1.0/gcc/7.2.0/cuda/9.2.88/lib/:/home/projects/ppc64le-pwr8-nvidia/hdf5/1.8.20/openmpi/3.1.0/gcc/7.2.0/cuda/9.2.88/lib/:/home/projects/ppc64le/zlib/1.2.8/lib/:/home/projects/ppc64le-pwr8-nvidia/pnetcdf-exo/1.9.0/openmpi/3.1.0/gcc/7.2.0/cuda/9.2.88/lib/:/home/projects/ppc64le-pwr8/boost/1.65.1/gcc/7.2.0/lib/:/home/projects/ppc64le-pwr8-nvidia/openmpi/3.1.0/gcc/7.2.0/cuda/9.2.88/lib/:/home/projects/ppc64le/java/ibm/sdk/8.0.0/lib/:/home/projects/ppc64le/papi/5.5.1/lib/:/home/projects/ppc64le-pwr8-nvidia/cuda/9.2.88/extras/CUPTI/lib64/:/home/projects/ppc64le-pwr8-nvidia/cuda/9.2.88/lib64/:/home/projects/ppc64le/gcc/7.2.0/lib64/:/home/projects/ppc64le/gcc/7.2.0/lib/:/home/projects/ppc64le/gcc/7.2.0/lib/gcc/powerpc64le-unknown-linux-gnu/7.2.0/:/home/projects/ppc64le/binutils/2.30.0/lib/:/usr/lib/gcc/ppc64le-redhat-linux/4.8.5/:/home/projects/ppc64le/binutils/2.30.0/lib/../powerpc64le-unknown-linux-gnu/lib/:/home/projects/ppc64le/gcc/7.2.0/lib/gcc/powerpc64le-unknown-linux-gnu/7.2.0/../../../:/lib/:/usr/lib/
COLLECT_GCC_OPTIONS='-O3' '-g' '-v' '-o' 'cmTC_87512' '-I' '/home/projects/ppc64le-pwr8-nvidia/openmpi/3.1.0/gcc/7.2.0/cuda/9.2.88/include' '-pthread' '-L/home/projects/ppc64le-pwr8-nvidia/openmpi/3.1.0/gcc/7.2.0/cuda/9.2.88/lib' '-shared-libgcc'
 /home/projects/ppc64le/gcc/7.2.0/libexec/gcc/powerpc64le-unknown-linux-gnu/7.2.0/collect2 -plugin /home/projects/ppc64le/gcc/7.2.0/libexec/gcc/powerpc64le-unknown-linux-gnu/7.2.0/liblto_plugin.so -plugin-opt=/home/projects/ppc64le/gcc/7.2.0/libexec/gcc/powerpc64le-unknown-linux-gnu/7.2.0/lto-wrapper -plugin-opt=-fresolution=/tmp/ccJpVCmQ.res -plugin-opt=-pass-through=-lgcc_s -plugin-opt=-pass-through=-lgcc -plugin-opt=-pass-through=-lpthread -plugin-opt=-pass-through=-lc -plugin-opt=-pass-through=-lgcc_s -plugin-opt=-pass-through=-lgcc --eh-frame-hdr -V -m elf64lppc -dynamic-linker /lib64/ld64.so.2 -o cmTC_87512 /lib/../lib64/crt1.o /lib/../lib64/crti.o /home/projects/ppc64le/gcc/7.2.0/lib/gcc/powerpc64le-unknown-linux-gnu/7.2.0/crtbegin.o -L/home/projects/ppc64le-pwr8-nvidia/openmpi/3.1.0/gcc/7.2.0/cuda/9.2.88/lib -L/home/projects/ppc64le-pwr8-nvidia/cuda/9.2.88/extras/CUPTI/lib64/../lib64 -L/home/projects/ppc64le/gcc/7.2.0/lib64/../lib64 -L/home/projects/ppc64le/gcc/7.2.0/lib/../lib64 -L/home/projects/ppc64le/gcc/7.2.0/lib/gcc/powerpc64le-unknown-linux-gnu/7.2.0/../../../../lib64 -L/lib/../lib64 -L/usr/lib/../lib64 -L/home/projects/ppc64le-pwr8/openblas/0.3.1/gcc/7.2.0/lib -L/home/projects/ppc64le/git/2.10.1/lib -L/home/projects/ppc64le/python/2.7.12/lib -L/home/projects/ppc64le-pwr8-nvidia/netcdf/4.6.1/openmpi/3.1.0/gcc/7.2.0/cuda/9.2.88/lib -L/home/projects/ppc64le-pwr8-nvidia/hdf5/1.8.20/openmpi/3.1.0/gcc/7.2.0/cuda/9.2.88/lib -L/home/projects/ppc64le/zlib/1.2.8/lib -L/home/projects/ppc64le-pwr8-nvidia/pnetcdf-exo/1.9.0/openmpi/3.1.0/gcc/7.2.0/cuda/9.2.88/lib -L/home/projects/ppc64le-pwr8/boost/1.65.1/gcc/7.2.0/lib -L/home/projects/ppc64le-pwr8-nvidia/openmpi/3.1.0/gcc/7.2.0/cuda/9.2.88/lib -L/home/projects/ppc64le/java/ibm/sdk/8.0.0/lib -L/home/projects/ppc64le/papi/5.5.1/lib -L/home/projects/ppc64le-pwr8-nvidia/cuda/9.2.88/extras/CUPTI/lib64 -L/home/projects/ppc64le-pwr8-nvidia/cuda/9.2.88/lib64 -L/home/projects/ppc64le/gcc/7.2.0/lib64 -L/home/projects/ppc64le/gcc/7.2.0/lib -L/home/projects/ppc64le/gcc/7.2.0/lib/gcc/powerpc64le-unknown-linux-gnu/7.2.0 -L/home/projects/ppc64le/binutils/2.30.0/lib -L/usr/lib/gcc/ppc64le-redhat-linux/4.8.5 -L/home/projects/ppc64le/binutils/2.30.0/lib/../powerpc64le-unknown-linux-gnu/lib -L/home/projects/ppc64le/gcc/7.2.0/lib/gcc/powerpc64le-unknown-linux-gnu/7.2.0/../../.. CMakeFiles/cmTC_87512.dir/CMakeCXXCompilerABI.cpp.o -rpath /home/projects/ppc64le-pwr8-nvidia/openmpi/3.1.0/gcc/7.2.0/cuda/9.2.88/lib --enable-new-dtags -lmpi -lstdc++ -lm -lgcc_s -lgcc -lpthread -lc -lgcc_s -lgcc /home/projects/ppc64le/gcc/7.2.0/lib/gcc/powerpc64le-unknown-linux-gnu/7.2.0/crtend.o /lib/../lib64/crtn.o
GNU ld (GNU Binutils) 2.30
  Supported emulations:
   elf64lppc
   elf32lppc
   elf32lppclinux
   elf32lppcsim
   elf64ppc
   elf32ppc
   elf32ppclinux
   elf32ppcsim
COLLECT_GCC_OPTIONS='-O3' '-g' '-v' '-o' 'cmTC_87512' '-I' '/home/projects/ppc64le-pwr8-nvidia/openmpi/3.1.0/gcc/7.2.0/cuda/9.2.88/include' '-pthread' '-L/home/projects/ppc64le-pwr8-nvidia/openmpi/3.1.0/gcc/7.2.0/cuda/9.2.88/lib' '-shared-libgcc'
gmake[4]: Leaving directory `/home/snikolo/move/DEMSI_newLAMMPS/LAMMPS/src/LAMMPS-build/CMakeFiles/CMakeTmp'
gmake[3]: Leaving directory `/home/snikolo/move/DEMSI_newLAMMPS/LAMMPS/src/LAMMPS-build/CMakeFiles/CMakeTmp'


Parsed CXX implicit link information from above output:
  link line regex: [^( *|.*[/\])(ld|CMAKE_LINK_STARTFILE-NOTFOUND|([^/\]+-)?ld|collect2)[^/\]*( |$)]
  ignore line: [Change Dir: /ascldap/users/snikolo/move/DEMSI_newLAMMPS/LAMMPS/src/LAMMPS-build/CMakeFiles/CMakeTmp]
  ignore line: []
  ignore line: [Run Build Command:"/usr/bin/gmake" "cmTC_87512/fast"]
  ignore line: [gmake[3]: Entering directory `/home/snikolo/move/DEMSI_newLAMMPS/LAMMPS/src/LAMMPS-build/CMakeFiles/CMakeTmp']
  ignore line: [/usr/bin/gmake -f CMakeFiles/cmTC_87512.dir/build.make CMakeFiles/cmTC_87512.dir/build]
  ignore line: [gmake[4]: Entering directory `/home/snikolo/move/DEMSI_newLAMMPS/LAMMPS/src/LAMMPS-build/CMakeFiles/CMakeTmp']
  ignore line: [Building CXX object CMakeFiles/cmTC_87512.dir/CMakeCXXCompilerABI.cpp.o]
  ignore line: [/home/projects/ppc64le-pwr8-nvidia/openmpi/3.1.0/gcc/7.2.0/cuda/9.2.88/bin/mpicxx    -O3 -g    -o CMakeFiles/cmTC_87512.dir/CMakeCXXCompilerABI.cpp.o -c /ascldap/users/projects/ppc64le/cmake/3.12.3/share/cmake-3.12/Modules/CMakeCXXCompilerABI.cpp]
  ignore line: [Linking CXX executable cmTC_87512]
  ignore line: [/ascldap/users/projects/ppc64le/cmake/3.12.3/bin/cmake -E cmake_link_script CMakeFiles/cmTC_87512.dir/link.txt --verbose=1]
  ignore line: [/home/projects/ppc64le-pwr8-nvidia/openmpi/3.1.0/gcc/7.2.0/cuda/9.2.88/bin/mpicxx  -O3 -g    -v CMakeFiles/cmTC_87512.dir/CMakeCXXCompilerABI.cpp.o  -o cmTC_87512 ]
  ignore line: [Using built-in specs.]
  ignore line: [COLLECT_GCC=/home/projects/ppc64le/gcc/7.2.0/bin/g++]
  ignore line: [COLLECT_LTO_WRAPPER=/home/projects/ppc64le/gcc/7.2.0/libexec/gcc/powerpc64le-unknown-linux-gnu/7.2.0/lto-wrapper]
  ignore line: [Target: powerpc64le-unknown-linux-gnu]
  ignore line: [Configured with: ./configure --prefix=/home/projects/ppc64le/gcc/7.2.0 --with-gmp=/home/projects/ppc64le/gmp/6.1.2 --with-mpfr=/home/projects/ppc64le/mpfr/3.1.5 --with-mpc=/home/projects/ppc64le/mpc/1.0.3 --with-isl=/home/projects/ppc64le/isl/0.17.1 --enable-lto --enable-gold --enable-ld --disable-multilib]
  ignore line: [Thread model: posix]
  ignore line: [gcc version 7.2.0 (GCC) ]
  ignore line: [COMPILER_PATH=/home/projects/ppc64le/gcc/7.2.0/libexec/gcc/powerpc64le-unknown-linux-gnu/7.2.0/:/home/projects/ppc64le/binutils/2.30.0/lib/../powerpc64le-unknown-linux-gnu/bin/]
  ignore line: [LIBRARY_PATH=/home/projects/ppc64le-pwr8-nvidia/cuda/9.2.88/extras/CUPTI/lib64/../lib64/:/home/projects/ppc64le/gcc/7.2.0/lib64/../lib64/:/home/projects/ppc64le/gcc/7.2.0/lib/../lib64/:/home/projects/ppc64le/gcc/7.2.0/lib/gcc/powerpc64le-unknown-linux-gnu/7.2.0/../../../../lib64/:/lib/../lib64/:/usr/lib/../lib64/:/home/projects/ppc64le-pwr8/openblas/0.3.1/gcc/7.2.0/lib/:/home/projects/ppc64le/git/2.10.1/lib/:/home/projects/ppc64le/python/2.7.12/lib/:/home/projects/ppc64le-pwr8-nvidia/netcdf/4.6.1/openmpi/3.1.0/gcc/7.2.0/cuda/9.2.88/lib/:/home/projects/ppc64le-pwr8-nvidia/hdf5/1.8.20/openmpi/3.1.0/gcc/7.2.0/cuda/9.2.88/lib/:/home/projects/ppc64le/zlib/1.2.8/lib/:/home/projects/ppc64le-pwr8-nvidia/pnetcdf-exo/1.9.0/openmpi/3.1.0/gcc/7.2.0/cuda/9.2.88/lib/:/home/projects/ppc64le-pwr8/boost/1.65.1/gcc/7.2.0/lib/:/home/projects/ppc64le-pwr8-nvidia/openmpi/3.1.0/gcc/7.2.0/cuda/9.2.88/lib/:/home/projects/ppc64le/java/ibm/sdk/8.0.0/lib/:/home/projects/ppc64le/papi/5.5.1/lib/:/home/projects/ppc64le-pwr8-nvidia/cuda/9.2.88/extras/CUPTI/lib64/:/home/projects/ppc64le-pwr8-nvidia/cuda/9.2.88/lib64/:/home/projects/ppc64le/gcc/7.2.0/lib64/:/home/projects/ppc64le/gcc/7.2.0/lib/:/home/projects/ppc64le/gcc/7.2.0/lib/gcc/powerpc64le-unknown-linux-gnu/7.2.0/:/home/projects/ppc64le/binutils/2.30.0/lib/:/usr/lib/gcc/ppc64le-redhat-linux/4.8.5/:/home/projects/ppc64le/binutils/2.30.0/lib/../powerpc64le-unknown-linux-gnu/lib/:/home/projects/ppc64le/gcc/7.2.0/lib/gcc/powerpc64le-unknown-linux-gnu/7.2.0/../../../:/lib/:/usr/lib/]
  ignore line: [COLLECT_GCC_OPTIONS='-O3' '-g' '-v' '-o' 'cmTC_87512' '-I' '/home/projects/ppc64le-pwr8-nvidia/openmpi/3.1.0/gcc/7.2.0/cuda/9.2.88/include' '-pthread' '-L/home/projects/ppc64le-pwr8-nvidia/openmpi/3.1.0/gcc/7.2.0/cuda/9.2.88/lib' '-shared-libgcc']
  link line: [ /home/projects/ppc64le/gcc/7.2.0/libexec/gcc/powerpc64le-unknown-linux-gnu/7.2.0/collect2 -plugin /home/projects/ppc64le/gcc/7.2.0/libexec/gcc/powerpc64le-unknown-linux-gnu/7.2.0/liblto_plugin.so -plugin-opt=/home/projects/ppc64le/gcc/7.2.0/libexec/gcc/powerpc64le-unknown-linux-gnu/7.2.0/lto-wrapper -plugin-opt=-fresolution=/tmp/ccJpVCmQ.res -plugin-opt=-pass-through=-lgcc_s -plugin-opt=-pass-through=-lgcc -plugin-opt=-pass-through=-lpthread -plugin-opt=-pass-through=-lc -plugin-opt=-pass-through=-lgcc_s -plugin-opt=-pass-through=-lgcc --eh-frame-hdr -V -m elf64lppc -dynamic-linker /lib64/ld64.so.2 -o cmTC_87512 /lib/../lib64/crt1.o /lib/../lib64/crti.o /home/projects/ppc64le/gcc/7.2.0/lib/gcc/powerpc64le-unknown-linux-gnu/7.2.0/crtbegin.o -L/home/projects/ppc64le-pwr8-nvidia/openmpi/3.1.0/gcc/7.2.0/cuda/9.2.88/lib -L/home/projects/ppc64le-pwr8-nvidia/cuda/9.2.88/extras/CUPTI/lib64/../lib64 -L/home/projects/ppc64le/gcc/7.2.0/lib64/../lib64 -L/home/projects/ppc64le/gcc/7.2.0/lib/../lib64 -L/home/projects/ppc64le/gcc/7.2.0/lib/gcc/powerpc64le-unknown-linux-gnu/7.2.0/../../../../lib64 -L/lib/../lib64 -L/usr/lib/../lib64 -L/home/projects/ppc64le-pwr8/openblas/0.3.1/gcc/7.2.0/lib -L/home/projects/ppc64le/git/2.10.1/lib -L/home/projects/ppc64le/python/2.7.12/lib -L/home/projects/ppc64le-pwr8-nvidia/netcdf/4.6.1/openmpi/3.1.0/gcc/7.2.0/cuda/9.2.88/lib -L/home/projects/ppc64le-pwr8-nvidia/hdf5/1.8.20/openmpi/3.1.0/gcc/7.2.0/cuda/9.2.88/lib -L/home/projects/ppc64le/zlib/1.2.8/lib -L/home/projects/ppc64le-pwr8-nvidia/pnetcdf-exo/1.9.0/openmpi/3.1.0/gcc/7.2.0/cuda/9.2.88/lib -L/home/projects/ppc64le-pwr8/boost/1.65.1/gcc/7.2.0/lib -L/home/projects/ppc64le-pwr8-nvidia/openmpi/3.1.0/gcc/7.2.0/cuda/9.2.88/lib -L/home/projects/ppc64le/java/ibm/sdk/8.0.0/lib -L/home/projects/ppc64le/papi/5.5.1/lib -L/home/projects/ppc64le-pwr8-nvidia/cuda/9.2.88/extras/CUPTI/lib64 -L/home/projects/ppc64le-pwr8-nvidia/cuda/9.2.88/lib64 -L/home/projects/ppc64le/gcc/7.2.0/lib64 -L/home/projects/ppc64le/gcc/7.2.0/lib -L/home/projects/ppc64le/gcc/7.2.0/lib/gcc/powerpc64le-unknown-linux-gnu/7.2.0 -L/home/projects/ppc64le/binutils/2.30.0/lib -L/usr/lib/gcc/ppc64le-redhat-linux/4.8.5 -L/home/projects/ppc64le/binutils/2.30.0/lib/../powerpc64le-unknown-linux-gnu/lib -L/home/projects/ppc64le/gcc/7.2.0/lib/gcc/powerpc64le-unknown-linux-gnu/7.2.0/../../.. CMakeFiles/cmTC_87512.dir/CMakeCXXCompilerABI.cpp.o -rpath /home/projects/ppc64le-pwr8-nvidia/openmpi/3.1.0/gcc/7.2.0/cuda/9.2.88/lib --enable-new-dtags -lmpi -lstdc++ -lm -lgcc_s -lgcc -lpthread -lc -lgcc_s -lgcc /home/projects/ppc64le/gcc/7.2.0/lib/gcc/powerpc64le-unknown-linux-gnu/7.2.0/crtend.o /lib/../lib64/crtn.o]
    arg [/home/projects/ppc64le/gcc/7.2.0/libexec/gcc/powerpc64le-unknown-linux-gnu/7.2.0/collect2] ==> ignore
    arg [-plugin] ==> ignore
    arg [/home/projects/ppc64le/gcc/7.2.0/libexec/gcc/powerpc64le-unknown-linux-gnu/7.2.0/liblto_plugin.so] ==> ignore
    arg [-plugin-opt=/home/projects/ppc64le/gcc/7.2.0/libexec/gcc/powerpc64le-unknown-linux-gnu/7.2.0/lto-wrapper] ==> ignore
    arg [-plugin-opt=-fresolution=/tmp/ccJpVCmQ.res] ==> ignore
    arg [-plugin-opt=-pass-through=-lgcc_s] ==> ignore
    arg [-plugin-opt=-pass-through=-lgcc] ==> ignore
    arg [-plugin-opt=-pass-through=-lpthread] ==> ignore
    arg [-plugin-opt=-pass-through=-lc] ==> ignore
    arg [-plugin-opt=-pass-through=-lgcc_s] ==> ignore
    arg [-plugin-opt=-pass-through=-lgcc] ==> ignore
    arg [--eh-frame-hdr] ==> ignore
    arg [-V] ==> ignore
    arg [-m] ==> ignore
    arg [elf64lppc] ==> ignore
    arg [-dynamic-linker] ==> ignore
    arg [/lib64/ld64.so.2] ==> ignore
    arg [-o] ==> ignore
    arg [cmTC_87512] ==> ignore
    arg [/lib/../lib64/crt1.o] ==> ignore
    arg [/lib/../lib64/crti.o] ==> ignore
    arg [/home/projects/ppc64le/gcc/7.2.0/lib/gcc/powerpc64le-unknown-linux-gnu/7.2.0/crtbegin.o] ==> ignore
    arg [-L/home/projects/ppc64le-pwr8-nvidia/openmpi/3.1.0/gcc/7.2.0/cuda/9.2.88/lib] ==> dir [/home/projects/ppc64le-pwr8-nvidia/openmpi/3.1.0/gcc/7.2.0/cuda/9.2.88/lib]
    arg [-L/home/projects/ppc64le-pwr8-nvidia/cuda/9.2.88/extras/CUPTI/lib64/../lib64] ==> dir [/home/projects/ppc64le-pwr8-nvidia/cuda/9.2.88/extras/CUPTI/lib64/../lib64]
    arg [-L/home/projects/ppc64le/gcc/7.2.0/lib64/../lib64] ==> dir [/home/projects/ppc64le/gcc/7.2.0/lib64/../lib64]
    arg [-L/home/projects/ppc64le/gcc/7.2.0/lib/../lib64] ==> dir [/home/projects/ppc64le/gcc/7.2.0/lib/../lib64]
    arg [-L/home/projects/ppc64le/gcc/7.2.0/lib/gcc/powerpc64le-unknown-linux-gnu/7.2.0/../../../../lib64] ==> dir [/home/projects/ppc64le/gcc/7.2.0/lib/gcc/powerpc64le-unknown-linux-gnu/7.2.0/../../../../lib64]
    arg [-L/lib/../lib64] ==> dir [/lib/../lib64]
    arg [-L/usr/lib/../lib64] ==> dir [/usr/lib/../lib64]
    arg [-L/home/projects/ppc64le-pwr8/openblas/0.3.1/gcc/7.2.0/lib] ==> dir [/home/projects/ppc64le-pwr8/openblas/0.3.1/gcc/7.2.0/lib]
    arg [-L/home/projects/ppc64le/git/2.10.1/lib] ==> dir [/home/projects/ppc64le/git/2.10.1/lib]
    arg [-L/home/projects/ppc64le/python/2.7.12/lib] ==> dir [/home/projects/ppc64le/python/2.7.12/lib]
    arg [-L/home/projects/ppc64le-pwr8-nvidia/netcdf/4.6.1/openmpi/3.1.0/gcc/7.2.0/cuda/9.2.88/lib] ==> dir [/home/projects/ppc64le-pwr8-nvidia/netcdf/4.6.1/openmpi/3.1.0/gcc/7.2.0/cuda/9.2.88/lib]
    arg [-L/home/projects/ppc64le-pwr8-nvidia/hdf5/1.8.20/openmpi/3.1.0/gcc/7.2.0/cuda/9.2.88/lib] ==> dir [/home/projects/ppc64le-pwr8-nvidia/hdf5/1.8.20/openmpi/3.1.0/gcc/7.2.0/cuda/9.2.88/lib]
    arg [-L/home/projects/ppc64le/zlib/1.2.8/lib] ==> dir [/home/projects/ppc64le/zlib/1.2.8/lib]
    arg [-L/home/projects/ppc64le-pwr8-nvidia/pnetcdf-exo/1.9.0/openmpi/3.1.0/gcc/7.2.0/cuda/9.2.88/lib] ==> dir [/home/projects/ppc64le-pwr8-nvidia/pnetcdf-exo/1.9.0/openmpi/3.1.0/gcc/7.2.0/cuda/9.2.88/lib]
    arg [-L/home/projects/ppc64le-pwr8/boost/1.65.1/gcc/7.2.0/lib] ==> dir [/home/projects/ppc64le-pwr8/boost/1.65.1/gcc/7.2.0/lib]
    arg [-L/home/projects/ppc64le-pwr8-nvidia/openmpi/3.1.0/gcc/7.2.0/cuda/9.2.88/lib] ==> dir [/home/projects/ppc64le-pwr8-nvidia/openmpi/3.1.0/gcc/7.2.0/cuda/9.2.88/lib]
    arg [-L/home/projects/ppc64le/java/ibm/sdk/8.0.0/lib] ==> dir [/home/projects/ppc64le/java/ibm/sdk/8.0.0/lib]
    arg [-L/home/projects/ppc64le/papi/5.5.1/lib] ==> dir [/home/projects/ppc64le/papi/5.5.1/lib]
    arg [-L/home/projects/ppc64le-pwr8-nvidia/cuda/9.2.88/extras/CUPTI/lib64] ==> dir [/home/projects/ppc64le-pwr8-nvidia/cuda/9.2.88/extras/CUPTI/lib64]
    arg [-L/home/projects/ppc64le-pwr8-nvidia/cuda/9.2.88/lib64] ==> dir [/home/projects/ppc64le-pwr8-nvidia/cuda/9.2.88/lib64]
    arg [-L/home/projects/ppc64le/gcc/7.2.0/lib64] ==> dir [/home/projects/ppc64le/gcc/7.2.0/lib64]
    arg [-L/home/projects/ppc64le/gcc/7.2.0/lib] ==> dir [/home/projects/ppc64le/gcc/7.2.0/lib]
    arg [-L/home/projects/ppc64le/gcc/7.2.0/lib/gcc/powerpc64le-unknown-linux-gnu/7.2.0] ==> dir [/home/projects/ppc64le/gcc/7.2.0/lib/gcc/powerpc64le-unknown-linux-gnu/7.2.0]
    arg [-L/home/projects/ppc64le/binutils/2.30.0/lib] ==> dir [/home/projects/ppc64le/binutils/2.30.0/lib]
    arg [-L/usr/lib/gcc/ppc64le-redhat-linux/4.8.5] ==> dir [/usr/lib/gcc/ppc64le-redhat-linux/4.8.5]
    arg [-L/home/projects/ppc64le/binutils/2.30.0/lib/../powerpc64le-unknown-linux-gnu/lib] ==> dir [/home/projects/ppc64le/binutils/2.30.0/lib/../powerpc64le-unknown-linux-gnu/lib]
    arg [-L/home/projects/ppc64le/gcc/7.2.0/lib/gcc/powerpc64le-unknown-linux-gnu/7.2.0/../../..] ==> dir [/home/projects/ppc64le/gcc/7.2.0/lib/gcc/powerpc64le-unknown-linux-gnu/7.2.0/../../..]
    arg [CMakeFiles/cmTC_87512.dir/CMakeCXXCompilerABI.cpp.o] ==> ignore
    arg [-rpath] ==> ignore
    arg [/home/projects/ppc64le-pwr8-nvidia/openmpi/3.1.0/gcc/7.2.0/cuda/9.2.88/lib] ==> ignore
    arg [--enable-new-dtags] ==> ignore
    arg [-lmpi] ==> lib [mpi]
    arg [-lstdc++] ==> lib [stdc++]
    arg [-lm] ==> lib [m]
    arg [-lgcc_s] ==> lib [gcc_s]
    arg [-lgcc] ==> lib [gcc]
    arg [-lpthread] ==> lib [pthread]
    arg [-lc] ==> lib [c]
    arg [-lgcc_s] ==> lib [gcc_s]
    arg [-lgcc] ==> lib [gcc]
    arg [/home/projects/ppc64le/gcc/7.2.0/lib/gcc/powerpc64le-unknown-linux-gnu/7.2.0/crtend.o] ==> ignore
    arg [/lib/../lib64/crtn.o] ==> ignore
  collapse library dir [/home/projects/ppc64le-pwr8-nvidia/openmpi/3.1.0/gcc/7.2.0/cuda/9.2.88/lib] ==> [/ascldap/users/projects/ppc64le-pwr8-nvidia/openmpi/3.1.0/gcc/7.2.0/cuda/9.2.88/lib]
  collapse library dir [/home/projects/ppc64le-pwr8-nvidia/cuda/9.2.88/extras/CUPTI/lib64/../lib64] ==> [/ascldap/users/projects/ppc64le-pwr8-nvidia/cuda/9.2.88/extras/CUPTI/lib64]
  collapse library dir [/home/projects/ppc64le/gcc/7.2.0/lib64/../lib64] ==> [/ascldap/users/projects/ppc64le/gcc/7.2.0/lib64]
  collapse library dir [/home/projects/ppc64le/gcc/7.2.0/lib/../lib64] ==> [/ascldap/users/projects/ppc64le/gcc/7.2.0/lib64]
  collapse library dir [/home/projects/ppc64le/gcc/7.2.0/lib/gcc/powerpc64le-unknown-linux-gnu/7.2.0/../../../../lib64] ==> [/ascldap/users/projects/ppc64le/gcc/7.2.0/lib64]
  collapse library dir [/lib/../lib64] ==> [/lib64]
  collapse library dir [/usr/lib/../lib64] ==> [/usr/lib64]
  collapse library dir [/home/projects/ppc64le-pwr8/openblas/0.3.1/gcc/7.2.0/lib] ==> [/ascldap/users/projects/ppc64le-pwr8/openblas/0.3.1/gcc/7.2.0/lib]
  collapse library dir [/home/projects/ppc64le/git/2.10.1/lib] ==> [/ascldap/users/projects/ppc64le/git/2.10.1/lib]
  collapse library dir [/home/projects/ppc64le/python/2.7.12/lib] ==> [/ascldap/users/projects/ppc64le/python/2.7.12/lib]
  collapse library dir [/home/projects/ppc64le-pwr8-nvidia/netcdf/4.6.1/openmpi/3.1.0/gcc/7.2.0/cuda/9.2.88/lib] ==> [/ascldap/users/projects/ppc64le-pwr8-nvidia/netcdf/4.6.1/openmpi/3.1.0/gcc/7.2.0/cuda/9.2.88/lib]
  collapse library dir [/home/projects/ppc64le-pwr8-nvidia/hdf5/1.8.20/openmpi/3.1.0/gcc/7.2.0/cuda/9.2.88/lib] ==> [/ascldap/users/projects/ppc64le-pwr8-nvidia/hdf5/1.8.20/openmpi/3.1.0/gcc/7.2.0/cuda/9.2.88/lib]
  collapse library dir [/home/projects/ppc64le/zlib/1.2.8/lib] ==> [/ascldap/users/projects/ppc64le/zlib/1.2.8/lib]
  collapse library dir [/home/projects/ppc64le-pwr8-nvidia/pnetcdf-exo/1.9.0/openmpi/3.1.0/gcc/7.2.0/cuda/9.2.88/lib] ==> [/ascldap/users/projects/ppc64le-pwr8-nvidia/pnetcdf-exo/1.9.0/openmpi/3.1.0/gcc/7.2.0/cuda/9.2.88/lib]
  collapse library dir [/home/projects/ppc64le-pwr8/boost/1.65.1/gcc/7.2.0/lib] ==> [/ascldap/users/projects/ppc64le-pwr8/boost/1.65.1/gcc/7.2.0/lib]
  collapse library dir [/home/projects/ppc64le-pwr8-nvidia/openmpi/3.1.0/gcc/7.2.0/cuda/9.2.88/lib] ==> [/ascldap/users/projects/ppc64le-pwr8-nvidia/openmpi/3.1.0/gcc/7.2.0/cuda/9.2.88/lib]
  collapse library dir [/home/projects/ppc64le/java/ibm/sdk/8.0.0/lib] ==> [/ascldap/users/projects/ppc64le/java/ibm/sdk/8.0.0/lib]
  collapse library dir [/home/projects/ppc64le/papi/5.5.1/lib] ==> [/ascldap/users/projects/ppc64le/papi/5.5.1/lib]
  collapse library dir [/home/projects/ppc64le-pwr8-nvidia/cuda/9.2.88/extras/CUPTI/lib64] ==> [/ascldap/users/projects/ppc64le-pwr8-nvidia/cuda/9.2.88/extras/CUPTI/lib64]
  collapse library dir [/home/projects/ppc64le-pwr8-nvidia/cuda/9.2.88/lib64] ==> [/ascldap/users/projects/ppc64le-pwr8-nvidia/cuda/9.2.88/lib64]
  collapse library dir [/home/projects/ppc64le/gcc/7.2.0/lib64] ==> [/ascldap/users/projects/ppc64le/gcc/7.2.0/lib64]
  collapse library dir [/home/projects/ppc64le/gcc/7.2.0/lib] ==> [/ascldap/users/projects/ppc64le/gcc/7.2.0/lib]
  collapse library dir [/home/projects/ppc64le/gcc/7.2.0/lib/gcc/powerpc64le-unknown-linux-gnu/7.2.0] ==> [/ascldap/users/projects/ppc64le/gcc/7.2.0/lib/gcc/powerpc64le-unknown-linux-gnu/7.2.0]
  collapse library dir [/home/projects/ppc64le/binutils/2.30.0/lib] ==> [/ascldap/users/projects/ppc64le/binutils/2.30.0/lib]
  collapse library dir [/usr/lib/gcc/ppc64le-redhat-linux/4.8.5] ==> [/usr/lib/gcc/ppc64le-redhat-linux/4.8.5]
  collapse library dir [/home/projects/ppc64le/binutils/2.30.0/lib/../powerpc64le-unknown-linux-gnu/lib] ==> [/ascldap/users/projects/ppc64le/binutils/2.30.0/powerpc64le-unknown-linux-gnu/lib]
  collapse library dir [/home/projects/ppc64le/gcc/7.2.0/lib/gcc/powerpc64le-unknown-linux-gnu/7.2.0/../../..] ==> [/ascldap/users/projects/ppc64le/gcc/7.2.0/lib]
  implicit libs: [mpi;stdc++;m;gcc_s;gcc;pthread;c;gcc_s;gcc]
  implicit dirs: [/ascldap/users/projects/ppc64le-pwr8-nvidia/openmpi/3.1.0/gcc/7.2.0/cuda/9.2.88/lib;/ascldap/users/projects/ppc64le-pwr8-nvidia/cuda/9.2.88/extras/CUPTI/lib64;/ascldap/users/projects/ppc64le/gcc/7.2.0/lib64;/lib64;/usr/lib64;/ascldap/users/projects/ppc64le-pwr8/openblas/0.3.1/gcc/7.2.0/lib;/ascldap/users/projects/ppc64le/git/2.10.1/lib;/ascldap/users/projects/ppc64le/python/2.7.12/lib;/ascldap/users/projects/ppc64le-pwr8-nvidia/netcdf/4.6.1/openmpi/3.1.0/gcc/7.2.0/cuda/9.2.88/lib;/ascldap/users/projects/ppc64le-pwr8-nvidia/hdf5/1.8.20/openmpi/3.1.0/gcc/7.2.0/cuda/9.2.88/lib;/ascldap/users/projects/ppc64le/zlib/1.2.8/lib;/ascldap/users/projects/ppc64le-pwr8-nvidia/pnetcdf-exo/1.9.0/openmpi/3.1.0/gcc/7.2.0/cuda/9.2.88/lib;/ascldap/users/projects/ppc64le-pwr8/boost/1.65.1/gcc/7.2.0/lib;/ascldap/users/projects/ppc64le/java/ibm/sdk/8.0.0/lib;/ascldap/users/projects/ppc64le/papi/5.5.1/lib;/ascldap/users/projects/ppc64le-pwr8-nvidia/cuda/9.2.88/lib64;/ascldap/users/projects/ppc64le/gcc/7.2.0/lib;/ascldap/users/projects/ppc64le/gcc/7.2.0/lib/gcc/powerpc64le-unknown-linux-gnu/7.2.0;/ascldap/users/projects/ppc64le/binutils/2.30.0/lib;/usr/lib/gcc/ppc64le-redhat-linux/4.8.5;/ascldap/users/projects/ppc64le/binutils/2.30.0/powerpc64le-unknown-linux-gnu/lib]
  implicit fwks: []




Detecting CXX [-std=c++1z] compiler features compiled with the following output:
Change Dir: /ascldap/users/snikolo/move/DEMSI_newLAMMPS/LAMMPS/src/LAMMPS-build/CMakeFiles/CMakeTmp

Run Build Command:"/usr/bin/gmake" "cmTC_d34d9/fast"
gmake[3]: Entering directory `/home/snikolo/move/DEMSI_newLAMMPS/LAMMPS/src/LAMMPS-build/CMakeFiles/CMakeTmp'
/usr/bin/gmake -f CMakeFiles/cmTC_d34d9.dir/build.make CMakeFiles/cmTC_d34d9.dir/build
gmake[4]: Entering directory `/home/snikolo/move/DEMSI_newLAMMPS/LAMMPS/src/LAMMPS-build/CMakeFiles/CMakeTmp'
Building CXX object CMakeFiles/cmTC_d34d9.dir/feature_tests.cxx.o
/home/projects/ppc64le-pwr8-nvidia/openmpi/3.1.0/gcc/7.2.0/cuda/9.2.88/bin/mpicxx    -O3 -g    -std=c++1z -o CMakeFiles/cmTC_d34d9.dir/feature_tests.cxx.o -c /ascldap/users/snikolo/move/DEMSI_newLAMMPS/LAMMPS/src/LAMMPS-build/CMakeFiles/feature_tests.cxx
Linking CXX executable cmTC_d34d9
/ascldap/users/projects/ppc64le/cmake/3.12.3/bin/cmake -E cmake_link_script CMakeFiles/cmTC_d34d9.dir/link.txt --verbose=1
/home/projects/ppc64le-pwr8-nvidia/openmpi/3.1.0/gcc/7.2.0/cuda/9.2.88/bin/mpicxx  -O3 -g     CMakeFiles/cmTC_d34d9.dir/feature_tests.cxx.o  -o cmTC_d34d9 
gmake[4]: Leaving directory `/home/snikolo/move/DEMSI_newLAMMPS/LAMMPS/src/LAMMPS-build/CMakeFiles/CMakeTmp'
gmake[3]: Leaving directory `/home/snikolo/move/DEMSI_newLAMMPS/LAMMPS/src/LAMMPS-build/CMakeFiles/CMakeTmp'


    Feature record: CXX_FEATURE:1cxx_aggregate_default_initializers
    Feature record: CXX_FEATURE:1cxx_alias_templates
    Feature record: CXX_FEATURE:1cxx_alignas
    Feature record: CXX_FEATURE:1cxx_alignof
    Feature record: CXX_FEATURE:1cxx_attributes
    Feature record: CXX_FEATURE:1cxx_attribute_deprecated
    Feature record: CXX_FEATURE:1cxx_auto_type
    Feature record: CXX_FEATURE:1cxx_binary_literals
    Feature record: CXX_FEATURE:1cxx_constexpr
    Feature record: CXX_FEATURE:1cxx_contextual_conversions
    Feature record: CXX_FEATURE:1cxx_decltype
    Feature record: CXX_FEATURE:1cxx_decltype_auto
    Feature record: CXX_FEATURE:1cxx_decltype_incomplete_return_types
    Feature record: CXX_FEATURE:1cxx_default_function_template_args
    Feature record: CXX_FEATURE:1cxx_defaulted_functions
    Feature record: CXX_FEATURE:1cxx_defaulted_move_initializers
    Feature record: CXX_FEATURE:1cxx_delegating_constructors
    Feature record: CXX_FEATURE:1cxx_deleted_functions
    Feature record: CXX_FEATURE:1cxx_digit_separators
    Feature record: CXX_FEATURE:1cxx_enum_forward_declarations
    Feature record: CXX_FEATURE:1cxx_explicit_conversions
    Feature record: CXX_FEATURE:1cxx_extended_friend_declarations
    Feature record: CXX_FEATURE:1cxx_extern_templates
    Feature record: CXX_FEATURE:1cxx_final
    Feature record: CXX_FEATURE:1cxx_func_identifier
    Feature record: CXX_FEATURE:1cxx_generalized_initializers
    Feature record: CXX_FEATURE:1cxx_generic_lambdas
    Feature record: CXX_FEATURE:1cxx_inheriting_constructors
    Feature record: CXX_FEATURE:1cxx_inline_namespaces
    Feature record: CXX_FEATURE:1cxx_lambdas
    Feature record: CXX_FEATURE:1cxx_lambda_init_captures
    Feature record: CXX_FEATURE:1cxx_local_type_template_args
    Feature record: CXX_FEATURE:1cxx_long_long_type
    Feature record: CXX_FEATURE:1cxx_noexcept
    Feature record: CXX_FEATURE:1cxx_nonstatic_member_init
    Feature record: CXX_FEATURE:1cxx_nullptr
    Feature record: CXX_FEATURE:1cxx_override
    Feature record: CXX_FEATURE:1cxx_range_for
    Feature record: CXX_FEATURE:1cxx_raw_string_literals
    Feature record: CXX_FEATURE:1cxx_reference_qualified_functions
    Feature record: CXX_FEATURE:1cxx_relaxed_constexpr
    Feature record: CXX_FEATURE:1cxx_return_type_deduction
    Feature record: CXX_FEATURE:1cxx_right_angle_brackets
    Feature record: CXX_FEATURE:1cxx_rvalue_references
    Feature record: CXX_FEATURE:1cxx_sizeof_member
    Feature record: CXX_FEATURE:1cxx_static_assert
    Feature record: CXX_FEATURE:1cxx_strong_enums
    Feature record: CXX_FEATURE:1cxx_template_template_parameters
    Feature record: CXX_FEATURE:1cxx_thread_local
    Feature record: CXX_FEATURE:1cxx_trailing_return_types
    Feature record: CXX_FEATURE:1cxx_unicode_literals
    Feature record: CXX_FEATURE:1cxx_uniform_initialization
    Feature record: CXX_FEATURE:1cxx_unrestricted_unions
    Feature record: CXX_FEATURE:1cxx_user_literals
    Feature record: CXX_FEATURE:1cxx_variable_templates
    Feature record: CXX_FEATURE:1cxx_variadic_macros
    Feature record: CXX_FEATURE:1cxx_variadic_templates


Detecting CXX [-std=c++14] compiler features compiled with the following output:
Change Dir: /ascldap/users/snikolo/move/DEMSI_newLAMMPS/LAMMPS/src/LAMMPS-build/CMakeFiles/CMakeTmp

Run Build Command:"/usr/bin/gmake" "cmTC_5c389/fast"
gmake[3]: Entering directory `/home/snikolo/move/DEMSI_newLAMMPS/LAMMPS/src/LAMMPS-build/CMakeFiles/CMakeTmp'
/usr/bin/gmake -f CMakeFiles/cmTC_5c389.dir/build.make CMakeFiles/cmTC_5c389.dir/build
gmake[4]: Entering directory `/home/snikolo/move/DEMSI_newLAMMPS/LAMMPS/src/LAMMPS-build/CMakeFiles/CMakeTmp'
Building CXX object CMakeFiles/cmTC_5c389.dir/feature_tests.cxx.o
/home/projects/ppc64le-pwr8-nvidia/openmpi/3.1.0/gcc/7.2.0/cuda/9.2.88/bin/mpicxx    -O3 -g    -std=c++14 -o CMakeFiles/cmTC_5c389.dir/feature_tests.cxx.o -c /ascldap/users/snikolo/move/DEMSI_newLAMMPS/LAMMPS/src/LAMMPS-build/CMakeFiles/feature_tests.cxx
Linking CXX executable cmTC_5c389
/ascldap/users/projects/ppc64le/cmake/3.12.3/bin/cmake -E cmake_link_script CMakeFiles/cmTC_5c389.dir/link.txt --verbose=1
/home/projects/ppc64le-pwr8-nvidia/openmpi/3.1.0/gcc/7.2.0/cuda/9.2.88/bin/mpicxx  -O3 -g     CMakeFiles/cmTC_5c389.dir/feature_tests.cxx.o  -o cmTC_5c389 
gmake[4]: Leaving directory `/home/snikolo/move/DEMSI_newLAMMPS/LAMMPS/src/LAMMPS-build/CMakeFiles/CMakeTmp'
gmake[3]: Leaving directory `/home/snikolo/move/DEMSI_newLAMMPS/LAMMPS/src/LAMMPS-build/CMakeFiles/CMakeTmp'


    Feature record: CXX_FEATURE:1cxx_aggregate_default_initializers
    Feature record: CXX_FEATURE:1cxx_alias_templates
    Feature record: CXX_FEATURE:1cxx_alignas
    Feature record: CXX_FEATURE:1cxx_alignof
    Feature record: CXX_FEATURE:1cxx_attributes
    Feature record: CXX_FEATURE:1cxx_attribute_deprecated
    Feature record: CXX_FEATURE:1cxx_auto_type
    Feature record: CXX_FEATURE:1cxx_binary_literals
    Feature record: CXX_FEATURE:1cxx_constexpr
    Feature record: CXX_FEATURE:1cxx_contextual_conversions
    Feature record: CXX_FEATURE:1cxx_decltype
    Feature record: CXX_FEATURE:1cxx_decltype_auto
    Feature record: CXX_FEATURE:1cxx_decltype_incomplete_return_types
    Feature record: CXX_FEATURE:1cxx_default_function_template_args
    Feature record: CXX_FEATURE:1cxx_defaulted_functions
    Feature record: CXX_FEATURE:1cxx_defaulted_move_initializers
    Feature record: CXX_FEATURE:1cxx_delegating_constructors
    Feature record: CXX_FEATURE:1cxx_deleted_functions
    Feature record: CXX_FEATURE:1cxx_digit_separators
    Feature record: CXX_FEATURE:1cxx_enum_forward_declarations
    Feature record: CXX_FEATURE:1cxx_explicit_conversions
    Feature record: CXX_FEATURE:1cxx_extended_friend_declarations
    Feature record: CXX_FEATURE:1cxx_extern_templates
    Feature record: CXX_FEATURE:1cxx_final
    Feature record: CXX_FEATURE:1cxx_func_identifier
    Feature record: CXX_FEATURE:1cxx_generalized_initializers
    Feature record: CXX_FEATURE:1cxx_generic_lambdas
    Feature record: CXX_FEATURE:1cxx_inheriting_constructors
    Feature record: CXX_FEATURE:1cxx_inline_namespaces
    Feature record: CXX_FEATURE:1cxx_lambdas
    Feature record: CXX_FEATURE:1cxx_lambda_init_captures
    Feature record: CXX_FEATURE:1cxx_local_type_template_args
    Feature record: CXX_FEATURE:1cxx_long_long_type
    Feature record: CXX_FEATURE:1cxx_noexcept
    Feature record: CXX_FEATURE:1cxx_nonstatic_member_init
    Feature record: CXX_FEATURE:1cxx_nullptr
    Feature record: CXX_FEATURE:1cxx_override
    Feature record: CXX_FEATURE:1cxx_range_for
    Feature record: CXX_FEATURE:1cxx_raw_string_literals
    Feature record: CXX_FEATURE:1cxx_reference_qualified_functions
    Feature record: CXX_FEATURE:1cxx_relaxed_constexpr
    Feature record: CXX_FEATURE:1cxx_return_type_deduction
    Feature record: CXX_FEATURE:1cxx_right_angle_brackets
    Feature record: CXX_FEATURE:1cxx_rvalue_references
    Feature record: CXX_FEATURE:1cxx_sizeof_member
    Feature record: CXX_FEATURE:1cxx_static_assert
    Feature record: CXX_FEATURE:1cxx_strong_enums
    Feature record: CXX_FEATURE:1cxx_template_template_parameters
    Feature record: CXX_FEATURE:1cxx_thread_local
    Feature record: CXX_FEATURE:1cxx_trailing_return_types
    Feature record: CXX_FEATURE:1cxx_unicode_literals
    Feature record: CXX_FEATURE:1cxx_uniform_initialization
    Feature record: CXX_FEATURE:1cxx_unrestricted_unions
    Feature record: CXX_FEATURE:1cxx_user_literals
    Feature record: CXX_FEATURE:1cxx_variable_templates
    Feature record: CXX_FEATURE:1cxx_variadic_macros
    Feature record: CXX_FEATURE:1cxx_variadic_templates


Detecting CXX [-std=c++11] compiler features compiled with the following output:
Change Dir: /ascldap/users/snikolo/move/DEMSI_newLAMMPS/LAMMPS/src/LAMMPS-build/CMakeFiles/CMakeTmp

Run Build Command:"/usr/bin/gmake" "cmTC_7a9b7/fast"
gmake[3]: Entering directory `/home/snikolo/move/DEMSI_newLAMMPS/LAMMPS/src/LAMMPS-build/CMakeFiles/CMakeTmp'
/usr/bin/gmake -f CMakeFiles/cmTC_7a9b7.dir/build.make CMakeFiles/cmTC_7a9b7.dir/build
gmake[4]: Entering directory `/home/snikolo/move/DEMSI_newLAMMPS/LAMMPS/src/LAMMPS-build/CMakeFiles/CMakeTmp'
Building CXX object CMakeFiles/cmTC_7a9b7.dir/feature_tests.cxx.o
/home/projects/ppc64le-pwr8-nvidia/openmpi/3.1.0/gcc/7.2.0/cuda/9.2.88/bin/mpicxx    -O3 -g    -std=c++11 -o CMakeFiles/cmTC_7a9b7.dir/feature_tests.cxx.o -c /ascldap/users/snikolo/move/DEMSI_newLAMMPS/LAMMPS/src/LAMMPS-build/CMakeFiles/feature_tests.cxx
Linking CXX executable cmTC_7a9b7
/ascldap/users/projects/ppc64le/cmake/3.12.3/bin/cmake -E cmake_link_script CMakeFiles/cmTC_7a9b7.dir/link.txt --verbose=1
/home/projects/ppc64le-pwr8-nvidia/openmpi/3.1.0/gcc/7.2.0/cuda/9.2.88/bin/mpicxx  -O3 -g     CMakeFiles/cmTC_7a9b7.dir/feature_tests.cxx.o  -o cmTC_7a9b7 
gmake[4]: Leaving directory `/home/snikolo/move/DEMSI_newLAMMPS/LAMMPS/src/LAMMPS-build/CMakeFiles/CMakeTmp'
gmake[3]: Leaving directory `/home/snikolo/move/DEMSI_newLAMMPS/LAMMPS/src/LAMMPS-build/CMakeFiles/CMakeTmp'


    Feature record: CXX_FEATURE:0cxx_aggregate_default_initializers
    Feature record: CXX_FEATURE:1cxx_alias_templates
    Feature record: CXX_FEATURE:1cxx_alignas
    Feature record: CXX_FEATURE:1cxx_alignof
    Feature record: CXX_FEATURE:1cxx_attributes
    Feature record: CXX_FEATURE:0cxx_attribute_deprecated
    Feature record: CXX_FEATURE:1cxx_auto_type
    Feature record: CXX_FEATURE:0cxx_binary_literals
    Feature record: CXX_FEATURE:1cxx_constexpr
    Feature record: CXX_FEATURE:0cxx_contextual_conversions
    Feature record: CXX_FEATURE:1cxx_decltype
    Feature record: CXX_FEATURE:0cxx_decltype_auto
    Feature record: CXX_FEATURE:1cxx_decltype_incomplete_return_types
    Feature record: CXX_FEATURE:1cxx_default_function_template_args
    Feature record: CXX_FEATURE:1cxx_defaulted_functions
    Feature record: CXX_FEATURE:1cxx_defaulted_move_initializers
    Feature record: CXX_FEATURE:1cxx_delegating_constructors
    Feature record: CXX_FEATURE:1cxx_deleted_functions
    Feature record: CXX_FEATURE:0cxx_digit_separators
    Feature record: CXX_FEATURE:1cxx_enum_forward_declarations
    Feature record: CXX_FEATURE:1cxx_explicit_conversions
    Feature record: CXX_FEATURE:1cxx_extended_friend_declarations
    Feature record: CXX_FEATURE:1cxx_extern_templates
    Feature record: CXX_FEATURE:1cxx_final
    Feature record: CXX_FEATURE:1cxx_func_identifier
    Feature record: CXX_FEATURE:1cxx_generalized_initializers
    Feature record: CXX_FEATURE:0cxx_generic_lambdas
    Feature record: CXX_FEATURE:1cxx_inheriting_constructors
    Feature record: CXX_FEATURE:1cxx_inline_namespaces
    Feature record: CXX_FEATURE:1cxx_lambdas
    Feature record: CXX_FEATURE:0cxx_lambda_init_captures
    Feature record: CXX_FEATURE:1cxx_local_type_template_args
    Feature record: CXX_FEATURE:1cxx_long_long_type
    Feature record: CXX_FEATURE:1cxx_noexcept
    Feature record: CXX_FEATURE:1cxx_nonstatic_member_init
    Feature record: CXX_FEATURE:1cxx_nullptr
    Feature record: CXX_FEATURE:1cxx_override
    Feature record: CXX_FEATURE:1cxx_range_for
    Feature record: CXX_FEATURE:1cxx_raw_string_literals
    Feature record: CXX_FEATURE:1cxx_reference_qualified_functions
    Feature record: CXX_FEATURE:0cxx_relaxed_constexpr
    Feature record: CXX_FEATURE:0cxx_return_type_deduction
    Feature record: CXX_FEATURE:1cxx_right_angle_brackets
    Feature record: CXX_FEATURE:1cxx_rvalue_references
    Feature record: CXX_FEATURE:1cxx_sizeof_member
    Feature record: CXX_FEATURE:1cxx_static_assert
    Feature record: CXX_FEATURE:1cxx_strong_enums
    Feature record: CXX_FEATURE:1cxx_template_template_parameters
    Feature record: CXX_FEATURE:1cxx_thread_local
    Feature record: CXX_FEATURE:1cxx_trailing_return_types
    Feature record: CXX_FEATURE:1cxx_unicode_literals
    Feature record: CXX_FEATURE:1cxx_uniform_initialization
    Feature record: CXX_FEATURE:1cxx_unrestricted_unions
    Feature record: CXX_FEATURE:1cxx_user_literals
    Feature record: CXX_FEATURE:0cxx_variable_templates
    Feature record: CXX_FEATURE:1cxx_variadic_macros
    Feature record: CXX_FEATURE:1cxx_variadic_templates


Detecting CXX [-std=c++98] compiler features compiled with the following output:
Change Dir: /ascldap/users/snikolo/move/DEMSI_newLAMMPS/LAMMPS/src/LAMMPS-build/CMakeFiles/CMakeTmp

Run Build Command:"/usr/bin/gmake" "cmTC_07d62/fast"
gmake[3]: Entering directory `/home/snikolo/move/DEMSI_newLAMMPS/LAMMPS/src/LAMMPS-build/CMakeFiles/CMakeTmp'
/usr/bin/gmake -f CMakeFiles/cmTC_07d62.dir/build.make CMakeFiles/cmTC_07d62.dir/build
gmake[4]: Entering directory `/home/snikolo/move/DEMSI_newLAMMPS/LAMMPS/src/LAMMPS-build/CMakeFiles/CMakeTmp'
Building CXX object CMakeFiles/cmTC_07d62.dir/feature_tests.cxx.o
/home/projects/ppc64le-pwr8-nvidia/openmpi/3.1.0/gcc/7.2.0/cuda/9.2.88/bin/mpicxx    -O3 -g    -std=c++98 -o CMakeFiles/cmTC_07d62.dir/feature_tests.cxx.o -c /ascldap/users/snikolo/move/DEMSI_newLAMMPS/LAMMPS/src/LAMMPS-build/CMakeFiles/feature_tests.cxx
Linking CXX executable cmTC_07d62
/ascldap/users/projects/ppc64le/cmake/3.12.3/bin/cmake -E cmake_link_script CMakeFiles/cmTC_07d62.dir/link.txt --verbose=1
/home/projects/ppc64le-pwr8-nvidia/openmpi/3.1.0/gcc/7.2.0/cuda/9.2.88/bin/mpicxx  -O3 -g     CMakeFiles/cmTC_07d62.dir/feature_tests.cxx.o  -o cmTC_07d62 
gmake[4]: Leaving directory `/home/snikolo/move/DEMSI_newLAMMPS/LAMMPS/src/LAMMPS-build/CMakeFiles/CMakeTmp'
gmake[3]: Leaving directory `/home/snikolo/move/DEMSI_newLAMMPS/LAMMPS/src/LAMMPS-build/CMakeFiles/CMakeTmp'


    Feature record: CXX_FEATURE:0cxx_aggregate_default_initializers
    Feature record: CXX_FEATURE:0cxx_alias_templates
    Feature record: CXX_FEATURE:0cxx_alignas
    Feature record: CXX_FEATURE:0cxx_alignof
    Feature record: CXX_FEATURE:0cxx_attributes
    Feature record: CXX_FEATURE:0cxx_attribute_deprecated
    Feature record: CXX_FEATURE:0cxx_auto_type
    Feature record: CXX_FEATURE:0cxx_binary_literals
    Feature record: CXX_FEATURE:0cxx_constexpr
    Feature record: CXX_FEATURE:0cxx_contextual_conversions
    Feature record: CXX_FEATURE:0cxx_decltype
    Feature record: CXX_FEATURE:0cxx_decltype_auto
    Feature record: CXX_FEATURE:0cxx_decltype_incomplete_return_types
    Feature record: CXX_FEATURE:0cxx_default_function_template_args
    Feature record: CXX_FEATURE:0cxx_defaulted_functions
    Feature record: CXX_FEATURE:0cxx_defaulted_move_initializers
    Feature record: CXX_FEATURE:0cxx_delegating_constructors
    Feature record: CXX_FEATURE:0cxx_deleted_functions
    Feature record: CXX_FEATURE:0cxx_digit_separators
    Feature record: CXX_FEATURE:0cxx_enum_forward_declarations
    Feature record: CXX_FEATURE:0cxx_explicit_conversions
    Feature record: CXX_FEATURE:0cxx_extended_friend_declarations
    Feature record: CXX_FEATURE:0cxx_extern_templates
    Feature record: CXX_FEATURE:0cxx_final
    Feature record: CXX_FEATURE:0cxx_func_identifier
    Feature record: CXX_FEATURE:0cxx_generalized_initializers
    Feature record: CXX_FEATURE:0cxx_generic_lambdas
    Feature record: CXX_FEATURE:0cxx_inheriting_constructors
    Feature record: CXX_FEATURE:0cxx_inline_namespaces
    Feature record: CXX_FEATURE:0cxx_lambdas
    Feature record: CXX_FEATURE:0cxx_lambda_init_captures
    Feature record: CXX_FEATURE:0cxx_local_type_template_args
    Feature record: CXX_FEATURE:0cxx_long_long_type
    Feature record: CXX_FEATURE:0cxx_noexcept
    Feature record: CXX_FEATURE:0cxx_nonstatic_member_init
    Feature record: CXX_FEATURE:0cxx_nullptr
    Feature record: CXX_FEATURE:0cxx_override
    Feature record: CXX_FEATURE:0cxx_range_for
    Feature record: CXX_FEATURE:0cxx_raw_string_literals
    Feature record: CXX_FEATURE:0cxx_reference_qualified_functions
    Feature record: CXX_FEATURE:0cxx_relaxed_constexpr
    Feature record: CXX_FEATURE:0cxx_return_type_deduction
    Feature record: CXX_FEATURE:0cxx_right_angle_brackets
    Feature record: CXX_FEATURE:0cxx_rvalue_references
    Feature record: CXX_FEATURE:0cxx_sizeof_member
    Feature record: CXX_FEATURE:0cxx_static_assert
    Feature record: CXX_FEATURE:0cxx_strong_enums
    Feature record: CXX_FEATURE:1cxx_template_template_parameters
    Feature record: CXX_FEATURE:0cxx_thread_local
    Feature record: CXX_FEATURE:0cxx_trailing_return_types
    Feature record: CXX_FEATURE:0cxx_unicode_literals
    Feature record: CXX_FEATURE:0cxx_uniform_initialization
    Feature record: CXX_FEATURE:0cxx_unrestricted_unions
    Feature record: CXX_FEATURE:0cxx_user_literals
    Feature record: CXX_FEATURE:0cxx_variable_templates
    Feature record: CXX_FEATURE:0cxx_variadic_macros
    Feature record: CXX_FEATURE:0cxx_variadic_templates
Detecting CXX OpenMP compiler ABI info compiled with the following output:
Change Dir: /ascldap/users/snikolo/move/DEMSI_newLAMMPS/LAMMPS/src/LAMMPS-build/CMakeFiles/CMakeTmp

Run Build Command:"/usr/bin/gmake" "cmTC_9c6f5/fast"
gmake[3]: Entering directory `/home/snikolo/move/DEMSI_newLAMMPS/LAMMPS/src/LAMMPS-build/CMakeFiles/CMakeTmp'
/usr/bin/gmake -f CMakeFiles/cmTC_9c6f5.dir/build.make CMakeFiles/cmTC_9c6f5.dir/build
gmake[4]: Entering directory `/home/snikolo/move/DEMSI_newLAMMPS/LAMMPS/src/LAMMPS-build/CMakeFiles/CMakeTmp'
Building CXX object CMakeFiles/cmTC_9c6f5.dir/OpenMPTryFlag.cpp.o
/home/projects/ppc64le-pwr8-nvidia/openmpi/3.1.0/gcc/7.2.0/cuda/9.2.88/bin/mpicxx    -O3 -g -fopenmp -v -fPIE   -std=c++11 -o CMakeFiles/cmTC_9c6f5.dir/OpenMPTryFlag.cpp.o -c /ascldap/users/snikolo/move/DEMSI_newLAMMPS/LAMMPS/src/LAMMPS-build/CMakeFiles/FindOpenMP/OpenMPTryFlag.cpp
Using built-in specs.
COLLECT_GCC=/home/projects/ppc64le/gcc/7.2.0/bin/g++
Target: powerpc64le-unknown-linux-gnu
Configured with: ./configure --prefix=/home/projects/ppc64le/gcc/7.2.0 --with-gmp=/home/projects/ppc64le/gmp/6.1.2 --with-mpfr=/home/projects/ppc64le/mpfr/3.1.5 --with-mpc=/home/projects/ppc64le/mpc/1.0.3 --with-isl=/home/projects/ppc64le/isl/0.17.1 --enable-lto --enable-gold --enable-ld --disable-multilib
Thread model: posix
gcc version 7.2.0 (GCC) 
COLLECT_GCC_OPTIONS='-O3' '-g' '-fopenmp' '-v' '-fPIE' '-std=c++11' '-o' 'CMakeFiles/cmTC_9c6f5.dir/OpenMPTryFlag.cpp.o' '-c' '-I' '/home/projects/ppc64le-pwr8-nvidia/openmpi/3.1.0/gcc/7.2.0/cuda/9.2.88/include' '-pthread' '-shared-libgcc' '-pthread'
 /home/projects/ppc64le/gcc/7.2.0/libexec/gcc/powerpc64le-unknown-linux-gnu/7.2.0/cc1plus -quiet -v -I /home/projects/ppc64le-pwr8-nvidia/openmpi/3.1.0/gcc/7.2.0/cuda/9.2.88/include -D_GNU_SOURCE -D__unix__ -D__gnu_linux__ -D__linux__ -Asystem=linux -Asystem=unix -Asystem=posix -D_REENTRANT /ascldap/users/snikolo/move/DEMSI_newLAMMPS/LAMMPS/src/LAMMPS-build/CMakeFiles/FindOpenMP/OpenMPTryFlag.cpp -quiet -dumpbase OpenMPTryFlag.cpp -auxbase-strip CMakeFiles/cmTC_9c6f5.dir/OpenMPTryFlag.cpp.o -g -O3 -std=c++11 -version -fopenmp -fPIE -o /tmp/ccwp1MR0.s
GNU C++11 (GCC) version 7.2.0 (powerpc64le-unknown-linux-gnu)
	compiled by GNU C version 7.2.0, GMP version 6.1.2, MPFR version 3.1.5, MPC version 1.0.3, isl version isl-0.17.1-GMP

GGC heuristics: --param ggc-min-expand=100 --param ggc-min-heapsize=131072
ignoring nonexistent directory "/home/projects/ppc64le/binutils/2.30.0/lib/../powerpc64le-unknown-linux-gnu/include"
ignoring duplicate directory "/home/projects/ppc64le-pwr8-nvidia/openmpi/3.1.0/gcc/7.2.0/cuda/9.2.88/include"
ignoring duplicate directory "/home/projects/ppc64le/gcc/7.2.0/include"
  as it is a non-system directory that duplicates a system directory
#include "..." search starts here:
#include <...> search starts here:
 /home/projects/ppc64le-pwr8-nvidia/openmpi/3.1.0/gcc/7.2.0/cuda/9.2.88/include
 /home/projects/ppc64le-pwr8/openblas/0.3.1/gcc/7.2.0/include
 /home/projects/ppc64le/python/2.7.12/include
 /home/projects/ppc64le-pwr8-nvidia/netcdf/4.6.1/openmpi/3.1.0/gcc/7.2.0/cuda/9.2.88/include
 /home/projects/ppc64le-pwr8-nvidia/hdf5/1.8.20/openmpi/3.1.0/gcc/7.2.0/cuda/9.2.88/include
 /home/projects/ppc64le/zlib/1.2.8/include
 /home/projects/ppc64le-pwr8-nvidia/pnetcdf-exo/1.9.0/openmpi/3.1.0/gcc/7.2.0/cuda/9.2.88/include
 /home/projects/ppc64le-pwr8/boost/1.65.1/gcc/7.2.0/include
 /home/projects/ppc64le/java/ibm/sdk/8.0.0/include
 /home/projects/ppc64le/papi/5.5.1/include
 /home/projects/ppc64le-pwr8-nvidia/cuda/9.2.88/extras/CUPTI/include
 /home/projects/ppc64le-pwr8-nvidia/cuda/9.2.88/include
 /home/projects/ppc64le/binutils/2.30.0/include
 /home/projects/ppc64le/gcc/7.2.0/lib/gcc/powerpc64le-unknown-linux-gnu/7.2.0/../../../../include/c++/7.2.0
 /home/projects/ppc64le/gcc/7.2.0/lib/gcc/powerpc64le-unknown-linux-gnu/7.2.0/../../../../include/c++/7.2.0/powerpc64le-unknown-linux-gnu
 /home/projects/ppc64le/gcc/7.2.0/lib/gcc/powerpc64le-unknown-linux-gnu/7.2.0/../../../../include/c++/7.2.0/backward
 /home/projects/ppc64le/gcc/7.2.0/lib/gcc/powerpc64le-unknown-linux-gnu/7.2.0/include
 /usr/local/include
 /home/projects/ppc64le/gcc/7.2.0/include
 /home/projects/ppc64le/gcc/7.2.0/lib/gcc/powerpc64le-unknown-linux-gnu/7.2.0/include-fixed
 /usr/include
End of search list.
GNU C++11 (GCC) version 7.2.0 (powerpc64le-unknown-linux-gnu)
	compiled by GNU C version 7.2.0, GMP version 6.1.2, MPFR version 3.1.5, MPC version 1.0.3, isl version isl-0.17.1-GMP

GGC heuristics: --param ggc-min-expand=100 --param ggc-min-heapsize=131072
Compiler executable checksum: 05dbdcb859b43ede2d35d5b543bb9227
COLLECT_GCC_OPTIONS='-O3' '-g' '-fopenmp' '-v' '-fPIE' '-std=c++11' '-o' 'CMakeFiles/cmTC_9c6f5.dir/OpenMPTryFlag.cpp.o' '-c' '-I' '/home/projects/ppc64le-pwr8-nvidia/openmpi/3.1.0/gcc/7.2.0/cuda/9.2.88/include' '-pthread' '-shared-libgcc' '-pthread'
 /home/projects/ppc64le/binutils/2.30.0/lib/../powerpc64le-unknown-linux-gnu/bin/as -v -I /home/projects/ppc64le-pwr8-nvidia/openmpi/3.1.0/gcc/7.2.0/cuda/9.2.88/include -a64 -mppc64 -many -mlittle -o CMakeFiles/cmTC_9c6f5.dir/OpenMPTryFlag.cpp.o /tmp/ccwp1MR0.s
GNU assembler version 2.30 (powerpc64le-unknown-linux-gnu) using BFD version (GNU Binutils) 2.30
COMPILER_PATH=/home/projects/ppc64le/gcc/7.2.0/libexec/gcc/powerpc64le-unknown-linux-gnu/7.2.0/:/home/projects/ppc64le/binutils/2.30.0/lib/../powerpc64le-unknown-linux-gnu/bin/
LIBRARY_PATH=/home/projects/ppc64le-pwr8-nvidia/cuda/9.2.88/extras/CUPTI/lib64/../lib64/:/home/projects/ppc64le/gcc/7.2.0/lib64/../lib64/:/home/projects/ppc64le/gcc/7.2.0/lib/../lib64/:/home/projects/ppc64le/gcc/7.2.0/lib/gcc/powerpc64le-unknown-linux-gnu/7.2.0/../../../../lib64/:/lib/../lib64/:/usr/lib/../lib64/:/home/projects/ppc64le-pwr8/openblas/0.3.1/gcc/7.2.0/lib/:/home/projects/ppc64le/git/2.10.1/lib/:/home/projects/ppc64le/python/2.7.12/lib/:/home/projects/ppc64le-pwr8-nvidia/netcdf/4.6.1/openmpi/3.1.0/gcc/7.2.0/cuda/9.2.88/lib/:/home/projects/ppc64le-pwr8-nvidia/hdf5/1.8.20/openmpi/3.1.0/gcc/7.2.0/cuda/9.2.88/lib/:/home/projects/ppc64le/zlib/1.2.8/lib/:/home/projects/ppc64le-pwr8-nvidia/pnetcdf-exo/1.9.0/openmpi/3.1.0/gcc/7.2.0/cuda/9.2.88/lib/:/home/projects/ppc64le-pwr8/boost/1.65.1/gcc/7.2.0/lib/:/home/projects/ppc64le-pwr8-nvidia/openmpi/3.1.0/gcc/7.2.0/cuda/9.2.88/lib/:/home/projects/ppc64le/java/ibm/sdk/8.0.0/lib/:/home/projects/ppc64le/papi/5.5.1/lib/:/home/projects/ppc64le-pwr8-nvidia/cuda/9.2.88/extras/CUPTI/lib64/:/home/projects/ppc64le-pwr8-nvidia/cuda/9.2.88/lib64/:/home/projects/ppc64le/gcc/7.2.0/lib64/:/home/projects/ppc64le/gcc/7.2.0/lib/:/home/projects/ppc64le/gcc/7.2.0/lib/gcc/powerpc64le-unknown-linux-gnu/7.2.0/:/home/projects/ppc64le/binutils/2.30.0/lib/:/usr/lib/gcc/ppc64le-redhat-linux/4.8.5/:/home/projects/ppc64le/binutils/2.30.0/lib/../powerpc64le-unknown-linux-gnu/lib/:/home/projects/ppc64le/gcc/7.2.0/lib/gcc/powerpc64le-unknown-linux-gnu/7.2.0/../../../:/lib/:/usr/lib/
COLLECT_GCC_OPTIONS='-O3' '-g' '-fopenmp' '-v' '-fPIE' '-std=c++11' '-o' 'CMakeFiles/cmTC_9c6f5.dir/OpenMPTryFlag.cpp.o' '-c' '-I' '/home/projects/ppc64le-pwr8-nvidia/openmpi/3.1.0/gcc/7.2.0/cuda/9.2.88/include' '-pthread' '-shared-libgcc' '-pthread'
Linking CXX executable cmTC_9c6f5
/ascldap/users/projects/ppc64le/cmake/3.12.3/bin/cmake -E cmake_link_script CMakeFiles/cmTC_9c6f5.dir/link.txt --verbose=1
/home/projects/ppc64le-pwr8-nvidia/openmpi/3.1.0/gcc/7.2.0/cuda/9.2.88/bin/mpicxx  -O3 -g -fopenmp -v    CMakeFiles/cmTC_9c6f5.dir/OpenMPTryFlag.cpp.o  -o cmTC_9c6f5 -v 
Using built-in specs.
COLLECT_GCC=/home/projects/ppc64le/gcc/7.2.0/bin/g++
COLLECT_LTO_WRAPPER=/home/projects/ppc64le/gcc/7.2.0/libexec/gcc/powerpc64le-unknown-linux-gnu/7.2.0/lto-wrapper
Target: powerpc64le-unknown-linux-gnu
Configured with: ./configure --prefix=/home/projects/ppc64le/gcc/7.2.0 --with-gmp=/home/projects/ppc64le/gmp/6.1.2 --with-mpfr=/home/projects/ppc64le/mpfr/3.1.5 --with-mpc=/home/projects/ppc64le/mpc/1.0.3 --with-isl=/home/projects/ppc64le/isl/0.17.1 --enable-lto --enable-gold --enable-ld --disable-multilib
Thread model: posix
gcc version 7.2.0 (GCC) 
COMPILER_PATH=/home/projects/ppc64le/gcc/7.2.0/libexec/gcc/powerpc64le-unknown-linux-gnu/7.2.0/:/home/projects/ppc64le/binutils/2.30.0/lib/../powerpc64le-unknown-linux-gnu/bin/
LIBRARY_PATH=/home/projects/ppc64le-pwr8-nvidia/cuda/9.2.88/extras/CUPTI/lib64/../lib64/:/home/projects/ppc64le/gcc/7.2.0/lib64/../lib64/:/home/projects/ppc64le/gcc/7.2.0/lib/../lib64/:/home/projects/ppc64le/gcc/7.2.0/lib/gcc/powerpc64le-unknown-linux-gnu/7.2.0/../../../../lib64/:/lib/../lib64/:/usr/lib/../lib64/:/home/projects/ppc64le-pwr8/openblas/0.3.1/gcc/7.2.0/lib/:/home/projects/ppc64le/git/2.10.1/lib/:/home/projects/ppc64le/python/2.7.12/lib/:/home/projects/ppc64le-pwr8-nvidia/netcdf/4.6.1/openmpi/3.1.0/gcc/7.2.0/cuda/9.2.88/lib/:/home/projects/ppc64le-pwr8-nvidia/hdf5/1.8.20/openmpi/3.1.0/gcc/7.2.0/cuda/9.2.88/lib/:/home/projects/ppc64le/zlib/1.2.8/lib/:/home/projects/ppc64le-pwr8-nvidia/pnetcdf-exo/1.9.0/openmpi/3.1.0/gcc/7.2.0/cuda/9.2.88/lib/:/home/projects/ppc64le-pwr8/boost/1.65.1/gcc/7.2.0/lib/:/home/projects/ppc64le-pwr8-nvidia/openmpi/3.1.0/gcc/7.2.0/cuda/9.2.88/lib/:/home/projects/ppc64le/java/ibm/sdk/8.0.0/lib/:/home/projects/ppc64le/papi/5.5.1/lib/:/home/projects/ppc64le-pwr8-nvidia/cuda/9.2.88/extras/CUPTI/lib64/:/home/projects/ppc64le-pwr8-nvidia/cuda/9.2.88/lib64/:/home/projects/ppc64le/gcc/7.2.0/lib64/:/home/projects/ppc64le/gcc/7.2.0/lib/:/home/projects/ppc64le/gcc/7.2.0/lib/gcc/powerpc64le-unknown-linux-gnu/7.2.0/:/home/projects/ppc64le/binutils/2.30.0/lib/:/usr/lib/gcc/ppc64le-redhat-linux/4.8.5/:/home/projects/ppc64le/binutils/2.30.0/lib/../powerpc64le-unknown-linux-gnu/lib/:/home/projects/ppc64le/gcc/7.2.0/lib/gcc/powerpc64le-unknown-linux-gnu/7.2.0/../../../:/lib/:/usr/lib/
Reading specs from /home/projects/ppc64le/gcc/7.2.0/lib64/../lib64/libgomp.spec
COLLECT_GCC_OPTIONS='-O3' '-g' '-fopenmp' '-v' '-o' 'cmTC_9c6f5' '-v' '-I' '/home/projects/ppc64le-pwr8-nvidia/openmpi/3.1.0/gcc/7.2.0/cuda/9.2.88/include' '-pthread' '-L/home/projects/ppc64le-pwr8-nvidia/openmpi/3.1.0/gcc/7.2.0/cuda/9.2.88/lib' '-shared-libgcc' '-pthread'
 /home/projects/ppc64le/gcc/7.2.0/libexec/gcc/powerpc64le-unknown-linux-gnu/7.2.0/collect2 -plugin /home/projects/ppc64le/gcc/7.2.0/libexec/gcc/powerpc64le-unknown-linux-gnu/7.2.0/liblto_plugin.so -plugin-opt=/home/projects/ppc64le/gcc/7.2.0/libexec/gcc/powerpc64le-unknown-linux-gnu/7.2.0/lto-wrapper -plugin-opt=-fresolution=/tmp/ccB3QSd4.res -plugin-opt=-pass-through=-lgcc_s -plugin-opt=-pass-through=-lgcc -plugin-opt=-pass-through=-lpthread -plugin-opt=-pass-through=-lc -plugin-opt=-pass-through=-lgcc_s -plugin-opt=-pass-through=-lgcc --eh-frame-hdr -V -m elf64lppc -dynamic-linker /lib64/ld64.so.2 -o cmTC_9c6f5 /lib/../lib64/crt1.o /lib/../lib64/crti.o /home/projects/ppc64le/gcc/7.2.0/lib/gcc/powerpc64le-unknown-linux-gnu/7.2.0/crtbegin.o -L/home/projects/ppc64le-pwr8-nvidia/openmpi/3.1.0/gcc/7.2.0/cuda/9.2.88/lib -L/home/projects/ppc64le-pwr8-nvidia/cuda/9.2.88/extras/CUPTI/lib64/../lib64 -L/home/projects/ppc64le/gcc/7.2.0/lib64/../lib64 -L/home/projects/ppc64le/gcc/7.2.0/lib/../lib64 -L/home/projects/ppc64le/gcc/7.2.0/lib/gcc/powerpc64le-unknown-linux-gnu/7.2.0/../../../../lib64 -L/lib/../lib64 -L/usr/lib/../lib64 -L/home/projects/ppc64le-pwr8/openblas/0.3.1/gcc/7.2.0/lib -L/home/projects/ppc64le/git/2.10.1/lib -L/home/projects/ppc64le/python/2.7.12/lib -L/home/projects/ppc64le-pwr8-nvidia/netcdf/4.6.1/openmpi/3.1.0/gcc/7.2.0/cuda/9.2.88/lib -L/home/projects/ppc64le-pwr8-nvidia/hdf5/1.8.20/openmpi/3.1.0/gcc/7.2.0/cuda/9.2.88/lib -L/home/projects/ppc64le/zlib/1.2.8/lib -L/home/projects/ppc64le-pwr8-nvidia/pnetcdf-exo/1.9.0/openmpi/3.1.0/gcc/7.2.0/cuda/9.2.88/lib -L/home/projects/ppc64le-pwr8/boost/1.65.1/gcc/7.2.0/lib -L/home/projects/ppc64le-pwr8-nvidia/openmpi/3.1.0/gcc/7.2.0/cuda/9.2.88/lib -L/home/projects/ppc64le/java/ibm/sdk/8.0.0/lib -L/home/projects/ppc64le/papi/5.5.1/lib -L/home/projects/ppc64le-pwr8-nvidia/cuda/9.2.88/extras/CUPTI/lib64 -L/home/projects/ppc64le-pwr8-nvidia/cuda/9.2.88/lib64 -L/home/projects/ppc64le/gcc/7.2.0/lib64 -L/home/projects/ppc64le/gcc/7.2.0/lib -L/home/projects/ppc64le/gcc/7.2.0/lib/gcc/powerpc64le-unknown-linux-gnu/7.2.0 -L/home/projects/ppc64le/binutils/2.30.0/lib -L/usr/lib/gcc/ppc64le-redhat-linux/4.8.5 -L/home/projects/ppc64le/binutils/2.30.0/lib/../powerpc64le-unknown-linux-gnu/lib -L/home/projects/ppc64le/gcc/7.2.0/lib/gcc/powerpc64le-unknown-linux-gnu/7.2.0/../../.. CMakeFiles/cmTC_9c6f5.dir/OpenMPTryFlag.cpp.o -rpath /home/projects/ppc64le-pwr8-nvidia/openmpi/3.1.0/gcc/7.2.0/cuda/9.2.88/lib --enable-new-dtags -lmpi -lstdc++ -lm -lgomp -lgcc_s -lgcc -lpthread -lc -lgcc_s -lgcc /home/projects/ppc64le/gcc/7.2.0/lib/gcc/powerpc64le-unknown-linux-gnu/7.2.0/crtend.o /lib/../lib64/crtn.o
GNU ld (GNU Binutils) 2.30
  Supported emulations:
   elf64lppc
   elf32lppc
   elf32lppclinux
   elf32lppcsim
   elf64ppc
   elf32ppc
   elf32ppclinux
   elf32ppcsim
COLLECT_GCC_OPTIONS='-O3' '-g' '-fopenmp' '-v' '-o' 'cmTC_9c6f5' '-v' '-I' '/home/projects/ppc64le-pwr8-nvidia/openmpi/3.1.0/gcc/7.2.0/cuda/9.2.88/include' '-pthread' '-L/home/projects/ppc64le-pwr8-nvidia/openmpi/3.1.0/gcc/7.2.0/cuda/9.2.88/lib' '-shared-libgcc' '-pthread'
gmake[4]: Leaving directory `/home/snikolo/move/DEMSI_newLAMMPS/LAMMPS/src/LAMMPS-build/CMakeFiles/CMakeTmp'
gmake[3]: Leaving directory `/home/snikolo/move/DEMSI_newLAMMPS/LAMMPS/src/LAMMPS-build/CMakeFiles/CMakeTmp'


Parsed CXX OpenMP implicit link information from above output:
  link line regex: [^( *|.*[/\])(ld|CMAKE_LINK_STARTFILE-NOTFOUND|([^/\]+-)?ld|collect2)[^/\]*( |$)]
  ignore line: [Change Dir: /ascldap/users/snikolo/move/DEMSI_newLAMMPS/LAMMPS/src/LAMMPS-build/CMakeFiles/CMakeTmp]
  ignore line: []
  ignore line: [Run Build Command:"/usr/bin/gmake" "cmTC_9c6f5/fast"]
  ignore line: [gmake[3]: Entering directory `/home/snikolo/move/DEMSI_newLAMMPS/LAMMPS/src/LAMMPS-build/CMakeFiles/CMakeTmp']
  ignore line: [/usr/bin/gmake -f CMakeFiles/cmTC_9c6f5.dir/build.make CMakeFiles/cmTC_9c6f5.dir/build]
  ignore line: [gmake[4]: Entering directory `/home/snikolo/move/DEMSI_newLAMMPS/LAMMPS/src/LAMMPS-build/CMakeFiles/CMakeTmp']
  ignore line: [Building CXX object CMakeFiles/cmTC_9c6f5.dir/OpenMPTryFlag.cpp.o]
  ignore line: [/home/projects/ppc64le-pwr8-nvidia/openmpi/3.1.0/gcc/7.2.0/cuda/9.2.88/bin/mpicxx    -O3 -g -fopenmp -v -fPIE   -std=c++11 -o CMakeFiles/cmTC_9c6f5.dir/OpenMPTryFlag.cpp.o -c /ascldap/users/snikolo/move/DEMSI_newLAMMPS/LAMMPS/src/LAMMPS-build/CMakeFiles/FindOpenMP/OpenMPTryFlag.cpp]
  ignore line: [Using built-in specs.]
  ignore line: [COLLECT_GCC=/home/projects/ppc64le/gcc/7.2.0/bin/g++]
  ignore line: [Target: powerpc64le-unknown-linux-gnu]
  ignore line: [Configured with: ./configure --prefix=/home/projects/ppc64le/gcc/7.2.0 --with-gmp=/home/projects/ppc64le/gmp/6.1.2 --with-mpfr=/home/projects/ppc64le/mpfr/3.1.5 --with-mpc=/home/projects/ppc64le/mpc/1.0.3 --with-isl=/home/projects/ppc64le/isl/0.17.1 --enable-lto --enable-gold --enable-ld --disable-multilib]
  ignore line: [Thread model: posix]
  ignore line: [gcc version 7.2.0 (GCC) ]
  ignore line: [COLLECT_GCC_OPTIONS='-O3' '-g' '-fopenmp' '-v' '-fPIE' '-std=c++11' '-o' 'CMakeFiles/cmTC_9c6f5.dir/OpenMPTryFlag.cpp.o' '-c' '-I' '/home/projects/ppc64le-pwr8-nvidia/openmpi/3.1.0/gcc/7.2.0/cuda/9.2.88/include' '-pthread' '-shared-libgcc' '-pthread']
  ignore line: [ /home/projects/ppc64le/gcc/7.2.0/libexec/gcc/powerpc64le-unknown-linux-gnu/7.2.0/cc1plus -quiet -v -I /home/projects/ppc64le-pwr8-nvidia/openmpi/3.1.0/gcc/7.2.0/cuda/9.2.88/include -D_GNU_SOURCE -D__unix__ -D__gnu_linux__ -D__linux__ -Asystem=linux -Asystem=unix -Asystem=posix -D_REENTRANT /ascldap/users/snikolo/move/DEMSI_newLAMMPS/LAMMPS/src/LAMMPS-build/CMakeFiles/FindOpenMP/OpenMPTryFlag.cpp -quiet -dumpbase OpenMPTryFlag.cpp -auxbase-strip CMakeFiles/cmTC_9c6f5.dir/OpenMPTryFlag.cpp.o -g -O3 -std=c++11 -version -fopenmp -fPIE -o /tmp/ccwp1MR0.s]
  ignore line: [GNU C++11 (GCC) version 7.2.0 (powerpc64le-unknown-linux-gnu)]
  ignore line: [	compiled by GNU C version 7.2.0, GMP version 6.1.2, MPFR version 3.1.5, MPC version 1.0.3, isl version isl-0.17.1-GMP]
  ignore line: []
  ignore line: [GGC heuristics: --param ggc-min-expand=100 --param ggc-min-heapsize=131072]
  ignore line: [ignoring nonexistent directory "/home/projects/ppc64le/binutils/2.30.0/lib/../powerpc64le-unknown-linux-gnu/include"]
  ignore line: [ignoring duplicate directory "/home/projects/ppc64le-pwr8-nvidia/openmpi/3.1.0/gcc/7.2.0/cuda/9.2.88/include"]
  ignore line: [ignoring duplicate directory "/home/projects/ppc64le/gcc/7.2.0/include"]
  ignore line: [  as it is a non-system directory that duplicates a system directory]
  ignore line: [#include "..." search starts here:]
  ignore line: [#include <...> search starts here:]
  ignore line: [ /home/projects/ppc64le-pwr8-nvidia/openmpi/3.1.0/gcc/7.2.0/cuda/9.2.88/include]
  ignore line: [ /home/projects/ppc64le-pwr8/openblas/0.3.1/gcc/7.2.0/include]
  ignore line: [ /home/projects/ppc64le/python/2.7.12/include]
  ignore line: [ /home/projects/ppc64le-pwr8-nvidia/netcdf/4.6.1/openmpi/3.1.0/gcc/7.2.0/cuda/9.2.88/include]
  ignore line: [ /home/projects/ppc64le-pwr8-nvidia/hdf5/1.8.20/openmpi/3.1.0/gcc/7.2.0/cuda/9.2.88/include]
  ignore line: [ /home/projects/ppc64le/zlib/1.2.8/include]
  ignore line: [ /home/projects/ppc64le-pwr8-nvidia/pnetcdf-exo/1.9.0/openmpi/3.1.0/gcc/7.2.0/cuda/9.2.88/include]
  ignore line: [ /home/projects/ppc64le-pwr8/boost/1.65.1/gcc/7.2.0/include]
  ignore line: [ /home/projects/ppc64le/java/ibm/sdk/8.0.0/include]
  ignore line: [ /home/projects/ppc64le/papi/5.5.1/include]
  ignore line: [ /home/projects/ppc64le-pwr8-nvidia/cuda/9.2.88/extras/CUPTI/include]
  ignore line: [ /home/projects/ppc64le-pwr8-nvidia/cuda/9.2.88/include]
  ignore line: [ /home/projects/ppc64le/binutils/2.30.0/include]
  ignore line: [ /home/projects/ppc64le/gcc/7.2.0/lib/gcc/powerpc64le-unknown-linux-gnu/7.2.0/../../../../include/c++/7.2.0]
  ignore line: [ /home/projects/ppc64le/gcc/7.2.0/lib/gcc/powerpc64le-unknown-linux-gnu/7.2.0/../../../../include/c++/7.2.0/powerpc64le-unknown-linux-gnu]
  ignore line: [ /home/projects/ppc64le/gcc/7.2.0/lib/gcc/powerpc64le-unknown-linux-gnu/7.2.0/../../../../include/c++/7.2.0/backward]
  ignore line: [ /home/projects/ppc64le/gcc/7.2.0/lib/gcc/powerpc64le-unknown-linux-gnu/7.2.0/include]
  ignore line: [ /usr/local/include]
  ignore line: [ /home/projects/ppc64le/gcc/7.2.0/include]
  ignore line: [ /home/projects/ppc64le/gcc/7.2.0/lib/gcc/powerpc64le-unknown-linux-gnu/7.2.0/include-fixed]
  ignore line: [ /usr/include]
  ignore line: [End of search list.]
  ignore line: [GNU C++11 (GCC) version 7.2.0 (powerpc64le-unknown-linux-gnu)]
  ignore line: [	compiled by GNU C version 7.2.0, GMP version 6.1.2, MPFR version 3.1.5, MPC version 1.0.3, isl version isl-0.17.1-GMP]
  ignore line: []
  ignore line: [GGC heuristics: --param ggc-min-expand=100 --param ggc-min-heapsize=131072]
  ignore line: [Compiler executable checksum: 05dbdcb859b43ede2d35d5b543bb9227]
  ignore line: [COLLECT_GCC_OPTIONS='-O3' '-g' '-fopenmp' '-v' '-fPIE' '-std=c++11' '-o' 'CMakeFiles/cmTC_9c6f5.dir/OpenMPTryFlag.cpp.o' '-c' '-I' '/home/projects/ppc64le-pwr8-nvidia/openmpi/3.1.0/gcc/7.2.0/cuda/9.2.88/include' '-pthread' '-shared-libgcc' '-pthread']
  ignore line: [ /home/projects/ppc64le/binutils/2.30.0/lib/../powerpc64le-unknown-linux-gnu/bin/as -v -I /home/projects/ppc64le-pwr8-nvidia/openmpi/3.1.0/gcc/7.2.0/cuda/9.2.88/include -a64 -mppc64 -many -mlittle -o CMakeFiles/cmTC_9c6f5.dir/OpenMPTryFlag.cpp.o /tmp/ccwp1MR0.s]
  ignore line: [GNU assembler version 2.30 (powerpc64le-unknown-linux-gnu) using BFD version (GNU Binutils) 2.30]
  ignore line: [COMPILER_PATH=/home/projects/ppc64le/gcc/7.2.0/libexec/gcc/powerpc64le-unknown-linux-gnu/7.2.0/:/home/projects/ppc64le/binutils/2.30.0/lib/../powerpc64le-unknown-linux-gnu/bin/]
  ignore line: [LIBRARY_PATH=/home/projects/ppc64le-pwr8-nvidia/cuda/9.2.88/extras/CUPTI/lib64/../lib64/:/home/projects/ppc64le/gcc/7.2.0/lib64/../lib64/:/home/projects/ppc64le/gcc/7.2.0/lib/../lib64/:/home/projects/ppc64le/gcc/7.2.0/lib/gcc/powerpc64le-unknown-linux-gnu/7.2.0/../../../../lib64/:/lib/../lib64/:/usr/lib/../lib64/:/home/projects/ppc64le-pwr8/openblas/0.3.1/gcc/7.2.0/lib/:/home/projects/ppc64le/git/2.10.1/lib/:/home/projects/ppc64le/python/2.7.12/lib/:/home/projects/ppc64le-pwr8-nvidia/netcdf/4.6.1/openmpi/3.1.0/gcc/7.2.0/cuda/9.2.88/lib/:/home/projects/ppc64le-pwr8-nvidia/hdf5/1.8.20/openmpi/3.1.0/gcc/7.2.0/cuda/9.2.88/lib/:/home/projects/ppc64le/zlib/1.2.8/lib/:/home/projects/ppc64le-pwr8-nvidia/pnetcdf-exo/1.9.0/openmpi/3.1.0/gcc/7.2.0/cuda/9.2.88/lib/:/home/projects/ppc64le-pwr8/boost/1.65.1/gcc/7.2.0/lib/:/home/projects/ppc64le-pwr8-nvidia/openmpi/3.1.0/gcc/7.2.0/cuda/9.2.88/lib/:/home/projects/ppc64le/java/ibm/sdk/8.0.0/lib/:/home/projects/ppc64le/papi/5.5.1/lib/:/home/projects/ppc64le-pwr8-nvidia/cuda/9.2.88/extras/CUPTI/lib64/:/home/projects/ppc64le-pwr8-nvidia/cuda/9.2.88/lib64/:/home/projects/ppc64le/gcc/7.2.0/lib64/:/home/projects/ppc64le/gcc/7.2.0/lib/:/home/projects/ppc64le/gcc/7.2.0/lib/gcc/powerpc64le-unknown-linux-gnu/7.2.0/:/home/projects/ppc64le/binutils/2.30.0/lib/:/usr/lib/gcc/ppc64le-redhat-linux/4.8.5/:/home/projects/ppc64le/binutils/2.30.0/lib/../powerpc64le-unknown-linux-gnu/lib/:/home/projects/ppc64le/gcc/7.2.0/lib/gcc/powerpc64le-unknown-linux-gnu/7.2.0/../../../:/lib/:/usr/lib/]
  ignore line: [COLLECT_GCC_OPTIONS='-O3' '-g' '-fopenmp' '-v' '-fPIE' '-std=c++11' '-o' 'CMakeFiles/cmTC_9c6f5.dir/OpenMPTryFlag.cpp.o' '-c' '-I' '/home/projects/ppc64le-pwr8-nvidia/openmpi/3.1.0/gcc/7.2.0/cuda/9.2.88/include' '-pthread' '-shared-libgcc' '-pthread']
  ignore line: [Linking CXX executable cmTC_9c6f5]
  ignore line: [/ascldap/users/projects/ppc64le/cmake/3.12.3/bin/cmake -E cmake_link_script CMakeFiles/cmTC_9c6f5.dir/link.txt --verbose=1]
  ignore line: [/home/projects/ppc64le-pwr8-nvidia/openmpi/3.1.0/gcc/7.2.0/cuda/9.2.88/bin/mpicxx  -O3 -g -fopenmp -v    CMakeFiles/cmTC_9c6f5.dir/OpenMPTryFlag.cpp.o  -o cmTC_9c6f5 -v ]
  ignore line: [Using built-in specs.]
  ignore line: [COLLECT_GCC=/home/projects/ppc64le/gcc/7.2.0/bin/g++]
  ignore line: [COLLECT_LTO_WRAPPER=/home/projects/ppc64le/gcc/7.2.0/libexec/gcc/powerpc64le-unknown-linux-gnu/7.2.0/lto-wrapper]
  ignore line: [Target: powerpc64le-unknown-linux-gnu]
  ignore line: [Configured with: ./configure --prefix=/home/projects/ppc64le/gcc/7.2.0 --with-gmp=/home/projects/ppc64le/gmp/6.1.2 --with-mpfr=/home/projects/ppc64le/mpfr/3.1.5 --with-mpc=/home/projects/ppc64le/mpc/1.0.3 --with-isl=/home/projects/ppc64le/isl/0.17.1 --enable-lto --enable-gold --enable-ld --disable-multilib]
  ignore line: [Thread model: posix]
  ignore line: [gcc version 7.2.0 (GCC) ]
  ignore line: [COMPILER_PATH=/home/projects/ppc64le/gcc/7.2.0/libexec/gcc/powerpc64le-unknown-linux-gnu/7.2.0/:/home/projects/ppc64le/binutils/2.30.0/lib/../powerpc64le-unknown-linux-gnu/bin/]
  ignore line: [LIBRARY_PATH=/home/projects/ppc64le-pwr8-nvidia/cuda/9.2.88/extras/CUPTI/lib64/../lib64/:/home/projects/ppc64le/gcc/7.2.0/lib64/../lib64/:/home/projects/ppc64le/gcc/7.2.0/lib/../lib64/:/home/projects/ppc64le/gcc/7.2.0/lib/gcc/powerpc64le-unknown-linux-gnu/7.2.0/../../../../lib64/:/lib/../lib64/:/usr/lib/../lib64/:/home/projects/ppc64le-pwr8/openblas/0.3.1/gcc/7.2.0/lib/:/home/projects/ppc64le/git/2.10.1/lib/:/home/projects/ppc64le/python/2.7.12/lib/:/home/projects/ppc64le-pwr8-nvidia/netcdf/4.6.1/openmpi/3.1.0/gcc/7.2.0/cuda/9.2.88/lib/:/home/projects/ppc64le-pwr8-nvidia/hdf5/1.8.20/openmpi/3.1.0/gcc/7.2.0/cuda/9.2.88/lib/:/home/projects/ppc64le/zlib/1.2.8/lib/:/home/projects/ppc64le-pwr8-nvidia/pnetcdf-exo/1.9.0/openmpi/3.1.0/gcc/7.2.0/cuda/9.2.88/lib/:/home/projects/ppc64le-pwr8/boost/1.65.1/gcc/7.2.0/lib/:/home/projects/ppc64le-pwr8-nvidia/openmpi/3.1.0/gcc/7.2.0/cuda/9.2.88/lib/:/home/projects/ppc64le/java/ibm/sdk/8.0.0/lib/:/home/projects/ppc64le/papi/5.5.1/lib/:/home/projects/ppc64le-pwr8-nvidia/cuda/9.2.88/extras/CUPTI/lib64/:/home/projects/ppc64le-pwr8-nvidia/cuda/9.2.88/lib64/:/home/projects/ppc64le/gcc/7.2.0/lib64/:/home/projects/ppc64le/gcc/7.2.0/lib/:/home/projects/ppc64le/gcc/7.2.0/lib/gcc/powerpc64le-unknown-linux-gnu/7.2.0/:/home/projects/ppc64le/binutils/2.30.0/lib/:/usr/lib/gcc/ppc64le-redhat-linux/4.8.5/:/home/projects/ppc64le/binutils/2.30.0/lib/../powerpc64le-unknown-linux-gnu/lib/:/home/projects/ppc64le/gcc/7.2.0/lib/gcc/powerpc64le-unknown-linux-gnu/7.2.0/../../../:/lib/:/usr/lib/]
  ignore line: [Reading specs from /home/projects/ppc64le/gcc/7.2.0/lib64/../lib64/libgomp.spec]
  ignore line: [COLLECT_GCC_OPTIONS='-O3' '-g' '-fopenmp' '-v' '-o' 'cmTC_9c6f5' '-v' '-I' '/home/projects/ppc64le-pwr8-nvidia/openmpi/3.1.0/gcc/7.2.0/cuda/9.2.88/include' '-pthread' '-L/home/projects/ppc64le-pwr8-nvidia/openmpi/3.1.0/gcc/7.2.0/cuda/9.2.88/lib' '-shared-libgcc' '-pthread']
  link line: [ /home/projects/ppc64le/gcc/7.2.0/libexec/gcc/powerpc64le-unknown-linux-gnu/7.2.0/collect2 -plugin /home/projects/ppc64le/gcc/7.2.0/libexec/gcc/powerpc64le-unknown-linux-gnu/7.2.0/liblto_plugin.so -plugin-opt=/home/projects/ppc64le/gcc/7.2.0/libexec/gcc/powerpc64le-unknown-linux-gnu/7.2.0/lto-wrapper -plugin-opt=-fresolution=/tmp/ccB3QSd4.res -plugin-opt=-pass-through=-lgcc_s -plugin-opt=-pass-through=-lgcc -plugin-opt=-pass-through=-lpthread -plugin-opt=-pass-through=-lc -plugin-opt=-pass-through=-lgcc_s -plugin-opt=-pass-through=-lgcc --eh-frame-hdr -V -m elf64lppc -dynamic-linker /lib64/ld64.so.2 -o cmTC_9c6f5 /lib/../lib64/crt1.o /lib/../lib64/crti.o /home/projects/ppc64le/gcc/7.2.0/lib/gcc/powerpc64le-unknown-linux-gnu/7.2.0/crtbegin.o -L/home/projects/ppc64le-pwr8-nvidia/openmpi/3.1.0/gcc/7.2.0/cuda/9.2.88/lib -L/home/projects/ppc64le-pwr8-nvidia/cuda/9.2.88/extras/CUPTI/lib64/../lib64 -L/home/projects/ppc64le/gcc/7.2.0/lib64/../lib64 -L/home/projects/ppc64le/gcc/7.2.0/lib/../lib64 -L/home/projects/ppc64le/gcc/7.2.0/lib/gcc/powerpc64le-unknown-linux-gnu/7.2.0/../../../../lib64 -L/lib/../lib64 -L/usr/lib/../lib64 -L/home/projects/ppc64le-pwr8/openblas/0.3.1/gcc/7.2.0/lib -L/home/projects/ppc64le/git/2.10.1/lib -L/home/projects/ppc64le/python/2.7.12/lib -L/home/projects/ppc64le-pwr8-nvidia/netcdf/4.6.1/openmpi/3.1.0/gcc/7.2.0/cuda/9.2.88/lib -L/home/projects/ppc64le-pwr8-nvidia/hdf5/1.8.20/openmpi/3.1.0/gcc/7.2.0/cuda/9.2.88/lib -L/home/projects/ppc64le/zlib/1.2.8/lib -L/home/projects/ppc64le-pwr8-nvidia/pnetcdf-exo/1.9.0/openmpi/3.1.0/gcc/7.2.0/cuda/9.2.88/lib -L/home/projects/ppc64le-pwr8/boost/1.65.1/gcc/7.2.0/lib -L/home/projects/ppc64le-pwr8-nvidia/openmpi/3.1.0/gcc/7.2.0/cuda/9.2.88/lib -L/home/projects/ppc64le/java/ibm/sdk/8.0.0/lib -L/home/projects/ppc64le/papi/5.5.1/lib -L/home/projects/ppc64le-pwr8-nvidia/cuda/9.2.88/extras/CUPTI/lib64 -L/home/projects/ppc64le-pwr8-nvidia/cuda/9.2.88/lib64 -L/home/projects/ppc64le/gcc/7.2.0/lib64 -L/home/projects/ppc64le/gcc/7.2.0/lib -L/home/projects/ppc64le/gcc/7.2.0/lib/gcc/powerpc64le-unknown-linux-gnu/7.2.0 -L/home/projects/ppc64le/binutils/2.30.0/lib -L/usr/lib/gcc/ppc64le-redhat-linux/4.8.5 -L/home/projects/ppc64le/binutils/2.30.0/lib/../powerpc64le-unknown-linux-gnu/lib -L/home/projects/ppc64le/gcc/7.2.0/lib/gcc/powerpc64le-unknown-linux-gnu/7.2.0/../../.. CMakeFiles/cmTC_9c6f5.dir/OpenMPTryFlag.cpp.o -rpath /home/projects/ppc64le-pwr8-nvidia/openmpi/3.1.0/gcc/7.2.0/cuda/9.2.88/lib --enable-new-dtags -lmpi -lstdc++ -lm -lgomp -lgcc_s -lgcc -lpthread -lc -lgcc_s -lgcc /home/projects/ppc64le/gcc/7.2.0/lib/gcc/powerpc64le-unknown-linux-gnu/7.2.0/crtend.o /lib/../lib64/crtn.o]
    arg [/home/projects/ppc64le/gcc/7.2.0/libexec/gcc/powerpc64le-unknown-linux-gnu/7.2.0/collect2] ==> ignore
    arg [-plugin] ==> ignore
    arg [/home/projects/ppc64le/gcc/7.2.0/libexec/gcc/powerpc64le-unknown-linux-gnu/7.2.0/liblto_plugin.so] ==> ignore
    arg [-plugin-opt=/home/projects/ppc64le/gcc/7.2.0/libexec/gcc/powerpc64le-unknown-linux-gnu/7.2.0/lto-wrapper] ==> ignore
    arg [-plugin-opt=-fresolution=/tmp/ccB3QSd4.res] ==> ignore
    arg [-plugin-opt=-pass-through=-lgcc_s] ==> ignore
    arg [-plugin-opt=-pass-through=-lgcc] ==> ignore
    arg [-plugin-opt=-pass-through=-lpthread] ==> ignore
    arg [-plugin-opt=-pass-through=-lc] ==> ignore
    arg [-plugin-opt=-pass-through=-lgcc_s] ==> ignore
    arg [-plugin-opt=-pass-through=-lgcc] ==> ignore
    arg [--eh-frame-hdr] ==> ignore
    arg [-V] ==> ignore
    arg [-m] ==> ignore
    arg [elf64lppc] ==> ignore
    arg [-dynamic-linker] ==> ignore
    arg [/lib64/ld64.so.2] ==> ignore
    arg [-o] ==> ignore
    arg [cmTC_9c6f5] ==> ignore
    arg [/lib/../lib64/crt1.o] ==> ignore
    arg [/lib/../lib64/crti.o] ==> ignore
    arg [/home/projects/ppc64le/gcc/7.2.0/lib/gcc/powerpc64le-unknown-linux-gnu/7.2.0/crtbegin.o] ==> ignore
    arg [-L/home/projects/ppc64le-pwr8-nvidia/openmpi/3.1.0/gcc/7.2.0/cuda/9.2.88/lib] ==> dir [/home/projects/ppc64le-pwr8-nvidia/openmpi/3.1.0/gcc/7.2.0/cuda/9.2.88/lib]
    arg [-L/home/projects/ppc64le-pwr8-nvidia/cuda/9.2.88/extras/CUPTI/lib64/../lib64] ==> dir [/home/projects/ppc64le-pwr8-nvidia/cuda/9.2.88/extras/CUPTI/lib64/../lib64]
    arg [-L/home/projects/ppc64le/gcc/7.2.0/lib64/../lib64] ==> dir [/home/projects/ppc64le/gcc/7.2.0/lib64/../lib64]
    arg [-L/home/projects/ppc64le/gcc/7.2.0/lib/../lib64] ==> dir [/home/projects/ppc64le/gcc/7.2.0/lib/../lib64]
    arg [-L/home/projects/ppc64le/gcc/7.2.0/lib/gcc/powerpc64le-unknown-linux-gnu/7.2.0/../../../../lib64] ==> dir [/home/projects/ppc64le/gcc/7.2.0/lib/gcc/powerpc64le-unknown-linux-gnu/7.2.0/../../../../lib64]
    arg [-L/lib/../lib64] ==> dir [/lib/../lib64]
    arg [-L/usr/lib/../lib64] ==> dir [/usr/lib/../lib64]
    arg [-L/home/projects/ppc64le-pwr8/openblas/0.3.1/gcc/7.2.0/lib] ==> dir [/home/projects/ppc64le-pwr8/openblas/0.3.1/gcc/7.2.0/lib]
    arg [-L/home/projects/ppc64le/git/2.10.1/lib] ==> dir [/home/projects/ppc64le/git/2.10.1/lib]
    arg [-L/home/projects/ppc64le/python/2.7.12/lib] ==> dir [/home/projects/ppc64le/python/2.7.12/lib]
    arg [-L/home/projects/ppc64le-pwr8-nvidia/netcdf/4.6.1/openmpi/3.1.0/gcc/7.2.0/cuda/9.2.88/lib] ==> dir [/home/projects/ppc64le-pwr8-nvidia/netcdf/4.6.1/openmpi/3.1.0/gcc/7.2.0/cuda/9.2.88/lib]
    arg [-L/home/projects/ppc64le-pwr8-nvidia/hdf5/1.8.20/openmpi/3.1.0/gcc/7.2.0/cuda/9.2.88/lib] ==> dir [/home/projects/ppc64le-pwr8-nvidia/hdf5/1.8.20/openmpi/3.1.0/gcc/7.2.0/cuda/9.2.88/lib]
    arg [-L/home/projects/ppc64le/zlib/1.2.8/lib] ==> dir [/home/projects/ppc64le/zlib/1.2.8/lib]
    arg [-L/home/projects/ppc64le-pwr8-nvidia/pnetcdf-exo/1.9.0/openmpi/3.1.0/gcc/7.2.0/cuda/9.2.88/lib] ==> dir [/home/projects/ppc64le-pwr8-nvidia/pnetcdf-exo/1.9.0/openmpi/3.1.0/gcc/7.2.0/cuda/9.2.88/lib]
    arg [-L/home/projects/ppc64le-pwr8/boost/1.65.1/gcc/7.2.0/lib] ==> dir [/home/projects/ppc64le-pwr8/boost/1.65.1/gcc/7.2.0/lib]
    arg [-L/home/projects/ppc64le-pwr8-nvidia/openmpi/3.1.0/gcc/7.2.0/cuda/9.2.88/lib] ==> dir [/home/projects/ppc64le-pwr8-nvidia/openmpi/3.1.0/gcc/7.2.0/cuda/9.2.88/lib]
    arg [-L/home/projects/ppc64le/java/ibm/sdk/8.0.0/lib] ==> dir [/home/projects/ppc64le/java/ibm/sdk/8.0.0/lib]
    arg [-L/home/projects/ppc64le/papi/5.5.1/lib] ==> dir [/home/projects/ppc64le/papi/5.5.1/lib]
    arg [-L/home/projects/ppc64le-pwr8-nvidia/cuda/9.2.88/extras/CUPTI/lib64] ==> dir [/home/projects/ppc64le-pwr8-nvidia/cuda/9.2.88/extras/CUPTI/lib64]
    arg [-L/home/projects/ppc64le-pwr8-nvidia/cuda/9.2.88/lib64] ==> dir [/home/projects/ppc64le-pwr8-nvidia/cuda/9.2.88/lib64]
    arg [-L/home/projects/ppc64le/gcc/7.2.0/lib64] ==> dir [/home/projects/ppc64le/gcc/7.2.0/lib64]
    arg [-L/home/projects/ppc64le/gcc/7.2.0/lib] ==> dir [/home/projects/ppc64le/gcc/7.2.0/lib]
    arg [-L/home/projects/ppc64le/gcc/7.2.0/lib/gcc/powerpc64le-unknown-linux-gnu/7.2.0] ==> dir [/home/projects/ppc64le/gcc/7.2.0/lib/gcc/powerpc64le-unknown-linux-gnu/7.2.0]
    arg [-L/home/projects/ppc64le/binutils/2.30.0/lib] ==> dir [/home/projects/ppc64le/binutils/2.30.0/lib]
    arg [-L/usr/lib/gcc/ppc64le-redhat-linux/4.8.5] ==> dir [/usr/lib/gcc/ppc64le-redhat-linux/4.8.5]
    arg [-L/home/projects/ppc64le/binutils/2.30.0/lib/../powerpc64le-unknown-linux-gnu/lib] ==> dir [/home/projects/ppc64le/binutils/2.30.0/lib/../powerpc64le-unknown-linux-gnu/lib]
    arg [-L/home/projects/ppc64le/gcc/7.2.0/lib/gcc/powerpc64le-unknown-linux-gnu/7.2.0/../../..] ==> dir [/home/projects/ppc64le/gcc/7.2.0/lib/gcc/powerpc64le-unknown-linux-gnu/7.2.0/../../..]
    arg [CMakeFiles/cmTC_9c6f5.dir/OpenMPTryFlag.cpp.o] ==> ignore
    arg [-rpath] ==> ignore
    arg [/home/projects/ppc64le-pwr8-nvidia/openmpi/3.1.0/gcc/7.2.0/cuda/9.2.88/lib] ==> ignore
    arg [--enable-new-dtags] ==> ignore
    arg [-lmpi] ==> lib [mpi]
    arg [-lstdc++] ==> lib [stdc++]
    arg [-lm] ==> lib [m]
    arg [-lgomp] ==> lib [gomp]
    arg [-lgcc_s] ==> lib [gcc_s]
    arg [-lgcc] ==> lib [gcc]
    arg [-lpthread] ==> lib [pthread]
    arg [-lc] ==> lib [c]
    arg [-lgcc_s] ==> lib [gcc_s]
    arg [-lgcc] ==> lib [gcc]
    arg [/home/projects/ppc64le/gcc/7.2.0/lib/gcc/powerpc64le-unknown-linux-gnu/7.2.0/crtend.o] ==> ignore
    arg [/lib/../lib64/crtn.o] ==> ignore
  collapse library dir [/home/projects/ppc64le-pwr8-nvidia/openmpi/3.1.0/gcc/7.2.0/cuda/9.2.88/lib] ==> [/ascldap/users/projects/ppc64le-pwr8-nvidia/openmpi/3.1.0/gcc/7.2.0/cuda/9.2.88/lib]
  collapse library dir [/home/projects/ppc64le-pwr8-nvidia/cuda/9.2.88/extras/CUPTI/lib64/../lib64] ==> [/ascldap/users/projects/ppc64le-pwr8-nvidia/cuda/9.2.88/extras/CUPTI/lib64]
  collapse library dir [/home/projects/ppc64le/gcc/7.2.0/lib64/../lib64] ==> [/ascldap/users/projects/ppc64le/gcc/7.2.0/lib64]
  collapse library dir [/home/projects/ppc64le/gcc/7.2.0/lib/../lib64] ==> [/ascldap/users/projects/ppc64le/gcc/7.2.0/lib64]
  collapse library dir [/home/projects/ppc64le/gcc/7.2.0/lib/gcc/powerpc64le-unknown-linux-gnu/7.2.0/../../../../lib64] ==> [/ascldap/users/projects/ppc64le/gcc/7.2.0/lib64]
  collapse library dir [/lib/../lib64] ==> [/lib64]
  collapse library dir [/usr/lib/../lib64] ==> [/usr/lib64]
  collapse library dir [/home/projects/ppc64le-pwr8/openblas/0.3.1/gcc/7.2.0/lib] ==> [/ascldap/users/projects/ppc64le-pwr8/openblas/0.3.1/gcc/7.2.0/lib]
  collapse library dir [/home/projects/ppc64le/git/2.10.1/lib] ==> [/ascldap/users/projects/ppc64le/git/2.10.1/lib]
  collapse library dir [/home/projects/ppc64le/python/2.7.12/lib] ==> [/ascldap/users/projects/ppc64le/python/2.7.12/lib]
  collapse library dir [/home/projects/ppc64le-pwr8-nvidia/netcdf/4.6.1/openmpi/3.1.0/gcc/7.2.0/cuda/9.2.88/lib] ==> [/ascldap/users/projects/ppc64le-pwr8-nvidia/netcdf/4.6.1/openmpi/3.1.0/gcc/7.2.0/cuda/9.2.88/lib]
  collapse library dir [/home/projects/ppc64le-pwr8-nvidia/hdf5/1.8.20/openmpi/3.1.0/gcc/7.2.0/cuda/9.2.88/lib] ==> [/ascldap/users/projects/ppc64le-pwr8-nvidia/hdf5/1.8.20/openmpi/3.1.0/gcc/7.2.0/cuda/9.2.88/lib]
  collapse library dir [/home/projects/ppc64le/zlib/1.2.8/lib] ==> [/ascldap/users/projects/ppc64le/zlib/1.2.8/lib]
  collapse library dir [/home/projects/ppc64le-pwr8-nvidia/pnetcdf-exo/1.9.0/openmpi/3.1.0/gcc/7.2.0/cuda/9.2.88/lib] ==> [/ascldap/users/projects/ppc64le-pwr8-nvidia/pnetcdf-exo/1.9.0/openmpi/3.1.0/gcc/7.2.0/cuda/9.2.88/lib]
  collapse library dir [/home/projects/ppc64le-pwr8/boost/1.65.1/gcc/7.2.0/lib] ==> [/ascldap/users/projects/ppc64le-pwr8/boost/1.65.1/gcc/7.2.0/lib]
  collapse library dir [/home/projects/ppc64le-pwr8-nvidia/openmpi/3.1.0/gcc/7.2.0/cuda/9.2.88/lib] ==> [/ascldap/users/projects/ppc64le-pwr8-nvidia/openmpi/3.1.0/gcc/7.2.0/cuda/9.2.88/lib]
  collapse library dir [/home/projects/ppc64le/java/ibm/sdk/8.0.0/lib] ==> [/ascldap/users/projects/ppc64le/java/ibm/sdk/8.0.0/lib]
  collapse library dir [/home/projects/ppc64le/papi/5.5.1/lib] ==> [/ascldap/users/projects/ppc64le/papi/5.5.1/lib]
  collapse library dir [/home/projects/ppc64le-pwr8-nvidia/cuda/9.2.88/extras/CUPTI/lib64] ==> [/ascldap/users/projects/ppc64le-pwr8-nvidia/cuda/9.2.88/extras/CUPTI/lib64]
  collapse library dir [/home/projects/ppc64le-pwr8-nvidia/cuda/9.2.88/lib64] ==> [/ascldap/users/projects/ppc64le-pwr8-nvidia/cuda/9.2.88/lib64]
  collapse library dir [/home/projects/ppc64le/gcc/7.2.0/lib64] ==> [/ascldap/users/projects/ppc64le/gcc/7.2.0/lib64]
  collapse library dir [/home/projects/ppc64le/gcc/7.2.0/lib] ==> [/ascldap/users/projects/ppc64le/gcc/7.2.0/lib]
  collapse library dir [/home/projects/ppc64le/gcc/7.2.0/lib/gcc/powerpc64le-unknown-linux-gnu/7.2.0] ==> [/ascldap/users/projects/ppc64le/gcc/7.2.0/lib/gcc/powerpc64le-unknown-linux-gnu/7.2.0]
  collapse library dir [/home/projects/ppc64le/binutils/2.30.0/lib] ==> [/ascldap/users/projects/ppc64le/binutils/2.30.0/lib]
  collapse library dir [/usr/lib/gcc/ppc64le-redhat-linux/4.8.5] ==> [/usr/lib/gcc/ppc64le-redhat-linux/4.8.5]
  collapse library dir [/home/projects/ppc64le/binutils/2.30.0/lib/../powerpc64le-unknown-linux-gnu/lib] ==> [/ascldap/users/projects/ppc64le/binutils/2.30.0/powerpc64le-unknown-linux-gnu/lib]
  collapse library dir [/home/projects/ppc64le/gcc/7.2.0/lib/gcc/powerpc64le-unknown-linux-gnu/7.2.0/../../..] ==> [/ascldap/users/projects/ppc64le/gcc/7.2.0/lib]
  implicit libs: [mpi;stdc++;m;gomp;gcc_s;gcc;pthread;c;gcc_s;gcc]
  implicit dirs: [/ascldap/users/projects/ppc64le-pwr8-nvidia/openmpi/3.1.0/gcc/7.2.0/cuda/9.2.88/lib;/ascldap/users/projects/ppc64le-pwr8-nvidia/cuda/9.2.88/extras/CUPTI/lib64;/ascldap/users/projects/ppc64le/gcc/7.2.0/lib64;/lib64;/usr/lib64;/ascldap/users/projects/ppc64le-pwr8/openblas/0.3.1/gcc/7.2.0/lib;/ascldap/users/projects/ppc64le/git/2.10.1/lib;/ascldap/users/projects/ppc64le/python/2.7.12/lib;/ascldap/users/projects/ppc64le-pwr8-nvidia/netcdf/4.6.1/openmpi/3.1.0/gcc/7.2.0/cuda/9.2.88/lib;/ascldap/users/projects/ppc64le-pwr8-nvidia/hdf5/1.8.20/openmpi/3.1.0/gcc/7.2.0/cuda/9.2.88/lib;/ascldap/users/projects/ppc64le/zlib/1.2.8/lib;/ascldap/users/projects/ppc64le-pwr8-nvidia/pnetcdf-exo/1.9.0/openmpi/3.1.0/gcc/7.2.0/cuda/9.2.88/lib;/ascldap/users/projects/ppc64le-pwr8/boost/1.65.1/gcc/7.2.0/lib;/ascldap/users/projects/ppc64le/java/ibm/sdk/8.0.0/lib;/ascldap/users/projects/ppc64le/papi/5.5.1/lib;/ascldap/users/projects/ppc64le-pwr8-nvidia/cuda/9.2.88/lib64;/ascldap/users/projects/ppc64le/gcc/7.2.0/lib;/ascldap/users/projects/ppc64le/gcc/7.2.0/lib/gcc/powerpc64le-unknown-linux-gnu/7.2.0;/ascldap/users/projects/ppc64le/binutils/2.30.0/lib;/usr/lib/gcc/ppc64le-redhat-linux/4.8.5;/ascldap/users/projects/ppc64le/binutils/2.30.0/powerpc64le-unknown-linux-gnu/lib]
  implicit fwks: []


Determining if the include file omp.h exists passed with the following output:
Change Dir: /ascldap/users/snikolo/move/DEMSI_newLAMMPS/LAMMPS/src/LAMMPS-build/CMakeFiles/CMakeTmp

Run Build Command:"/usr/bin/gmake" "cmTC_249ee/fast"
gmake[3]: Entering directory `/home/snikolo/move/DEMSI_newLAMMPS/LAMMPS/src/LAMMPS-build/CMakeFiles/CMakeTmp'
/usr/bin/gmake -f CMakeFiles/cmTC_249ee.dir/build.make CMakeFiles/cmTC_249ee.dir/build
gmake[4]: Entering directory `/home/snikolo/move/DEMSI_newLAMMPS/LAMMPS/src/LAMMPS-build/CMakeFiles/CMakeTmp'
Building CXX object CMakeFiles/cmTC_249ee.dir/CheckIncludeFile.cxx.o
/home/projects/ppc64le-pwr8-nvidia/openmpi/3.1.0/gcc/7.2.0/cuda/9.2.88/bin/mpicxx    -O3 -g  -fPIE   -std=c++11 -o CMakeFiles/cmTC_249ee.dir/CheckIncludeFile.cxx.o -c /ascldap/users/snikolo/move/DEMSI_newLAMMPS/LAMMPS/src/LAMMPS-build/CMakeFiles/CMakeTmp/CheckIncludeFile.cxx
Linking CXX executable cmTC_249ee
/ascldap/users/projects/ppc64le/cmake/3.12.3/bin/cmake -E cmake_link_script CMakeFiles/cmTC_249ee.dir/link.txt --verbose=1
/home/projects/ppc64le-pwr8-nvidia/openmpi/3.1.0/gcc/7.2.0/cuda/9.2.88/bin/mpicxx  -O3 -g     CMakeFiles/cmTC_249ee.dir/CheckIncludeFile.cxx.o  -o cmTC_249ee 
gmake[4]: Leaving directory `/home/snikolo/move/DEMSI_newLAMMPS/LAMMPS/src/LAMMPS-build/CMakeFiles/CMakeTmp'
gmake[3]: Leaving directory `/home/snikolo/move/DEMSI_newLAMMPS/LAMMPS/src/LAMMPS-build/CMakeFiles/CMakeTmp'


Determining if the include file cmath exists passed with the following output:
Change Dir: /ascldap/users/snikolo/move/DEMSI_newLAMMPS/LAMMPS/src/LAMMPS-build/CMakeFiles/CMakeTmp

Run Build Command:"/usr/bin/gmake" "cmTC_fe1d8/fast"
gmake[3]: Entering directory `/home/snikolo/move/DEMSI_newLAMMPS/LAMMPS/src/LAMMPS-build/CMakeFiles/CMakeTmp'
/usr/bin/gmake -f CMakeFiles/cmTC_fe1d8.dir/build.make CMakeFiles/cmTC_fe1d8.dir/build
gmake[4]: Entering directory `/home/snikolo/move/DEMSI_newLAMMPS/LAMMPS/src/LAMMPS-build/CMakeFiles/CMakeTmp'
Building CXX object CMakeFiles/cmTC_fe1d8.dir/CheckIncludeFile.cxx.o
/home/projects/ppc64le-pwr8-nvidia/openmpi/3.1.0/gcc/7.2.0/cuda/9.2.88/bin/mpicxx    -O3 -g  -fPIE   -std=c++11 -o CMakeFiles/cmTC_fe1d8.dir/CheckIncludeFile.cxx.o -c /ascldap/users/snikolo/move/DEMSI_newLAMMPS/LAMMPS/src/LAMMPS-build/CMakeFiles/CMakeTmp/CheckIncludeFile.cxx
Linking CXX executable cmTC_fe1d8
/ascldap/users/projects/ppc64le/cmake/3.12.3/bin/cmake -E cmake_link_script CMakeFiles/cmTC_fe1d8.dir/link.txt --verbose=1
/home/projects/ppc64le-pwr8-nvidia/openmpi/3.1.0/gcc/7.2.0/cuda/9.2.88/bin/mpicxx  -O3 -g     CMakeFiles/cmTC_fe1d8.dir/CheckIncludeFile.cxx.o  -o cmTC_fe1d8 
gmake[4]: Leaving directory `/home/snikolo/move/DEMSI_newLAMMPS/LAMMPS/src/LAMMPS-build/CMakeFiles/CMakeTmp'
gmake[3]: Leaving directory `/home/snikolo/move/DEMSI_newLAMMPS/LAMMPS/src/LAMMPS-build/CMakeFiles/CMakeTmp'


